{"/Users/danielgimenezzaragoza/Desktop/PROYECTOO/backend/src/app.ts": {"path":"/Users/danielgimenezzaragoza/Desktop/PROYECTOO/backend/src/app.ts","statementMap":{"0":{"start":{"line":42,"column":12},"end":{"line":42,"column":21}},"1":{"start":{"line":43,"column":13},"end":{"line":43,"column":29}},"2":{"start":{"line":46,"column":0},"end":{"line":58,"column":4}},"3":{"start":{"line":60,"column":0},"end":{"line":60,"column":23}},"4":{"start":{"line":61,"column":0},"end":{"line":61,"column":24}},"5":{"start":{"line":64,"column":23},"end":{"line":72,"column":29}},"6":{"start":{"line":74,"column":0},"end":{"line":90,"column":4}},"7":{"start":{"line":76,"column":25},"end":{"line":76,"column":65}},"8":{"start":{"line":77,"column":22},"end":{"line":77,"column":93}},"9":{"start":{"line":78,"column":26},"end":{"line":78,"column":78}},"10":{"start":{"line":80,"column":8},"end":{"line":85,"column":9}},"11":{"start":{"line":81,"column":12},"end":{"line":81,"column":33}},"12":{"start":{"line":83,"column":12},"end":{"line":83,"column":60}},"13":{"start":{"line":84,"column":12},"end":{"line":84,"column":34}},"14":{"start":{"line":95,"column":0},"end":{"line":95,"column":29}},"15":{"start":{"line":98,"column":0},"end":{"line":111,"column":4}},"16":{"start":{"line":102,"column":8},"end":{"line":102,"column":53}},"17":{"start":{"line":105,"column":8},"end":{"line":109,"column":10}},"18":{"start":{"line":116,"column":22},"end":{"line":125,"column":2}},"19":{"start":{"line":119,"column":27},"end":{"line":119,"column":62}},"20":{"start":{"line":121,"column":19},"end":{"line":121,"column":53}},"21":{"start":{"line":122,"column":8},"end":{"line":122,"column":79}},"22":{"start":{"line":126,"column":0},"end":{"line":126,"column":23}},"23":{"start":{"line":128,"column":0},"end":{"line":128,"column":24}},"24":{"start":{"line":131,"column":0},"end":{"line":149,"column":3}},"25":{"start":{"line":133,"column":4},"end":{"line":135,"column":5}},"26":{"start":{"line":134,"column":8},"end":{"line":134,"column":22}},"27":{"start":{"line":137,"column":16},"end":{"line":137,"column":60}},"28":{"start":{"line":138,"column":4},"end":{"line":147,"column":7}},"29":{"start":{"line":140,"column":26},"end":{"line":140,"column":103}},"30":{"start":{"line":141,"column":8},"end":{"line":146,"column":11}},"31":{"start":{"line":148,"column":4},"end":{"line":148,"column":11}},"32":{"start":{"line":152,"column":23},"end":{"line":168,"column":2}},"33":{"start":{"line":169,"column":20},"end":{"line":169,"column":48}},"34":{"start":{"line":170,"column":0},"end":{"line":170,"column":68}},"35":{"start":{"line":173,"column":22},"end":{"line":173,"column":42}},"36":{"start":{"line":174,"column":0},"end":{"line":174,"column":43}},"37":{"start":{"line":176,"column":0},"end":{"line":183,"column":3}},"38":{"start":{"line":186,"column":0},"end":{"line":186,"column":94}},"39":{"start":{"line":190,"column":0},"end":{"line":193,"column":3}},"40":{"start":{"line":191,"column":4},"end":{"line":191,"column":46}},"41":{"start":{"line":192,"column":4},"end":{"line":192,"column":32}},"42":{"start":{"line":205,"column":0},"end":{"line":205,"column":33}},"43":{"start":{"line":208,"column":0},"end":{"line":208,"column":24}},"44":{"start":{"line":211,"column":22},"end":{"line":241,"column":2}},"45":{"start":{"line":214,"column":25},"end":{"line":214,"column":43}},"46":{"start":{"line":215,"column":8},"end":{"line":215,"column":34}},"47":{"start":{"line":215,"column":23},"end":{"line":215,"column":34}},"48":{"start":{"line":217,"column":8},"end":{"line":228,"column":9}},"49":{"start":{"line":218,"column":29},"end":{"line":218,"column":72}},"50":{"start":{"line":219,"column":12},"end":{"line":224,"column":13}},"51":{"start":{"line":220,"column":35},"end":{"line":220,"column":47}},"52":{"start":{"line":221,"column":28},"end":{"line":221,"column":39}},"53":{"start":{"line":223,"column":25},"end":{"line":223,"column":36}},"54":{"start":{"line":226,"column":12},"end":{"line":226,"column":94}},"55":{"start":{"line":227,"column":12},"end":{"line":227,"column":23}},"56":{"start":{"line":231,"column":8},"end":{"line":233,"column":9}},"57":{"start":{"line":232,"column":12},"end":{"line":232,"column":58}},"58":{"start":{"line":234,"column":8},"end":{"line":234,"column":51}},"59":{"start":{"line":242,"column":0},"end":{"line":242,"column":31}},"60":{"start":{"line":244,"column":0},"end":{"line":244,"column":38}},"61":{"start":{"line":245,"column":0},"end":{"line":245,"column":49}},"62":{"start":{"line":246,"column":0},"end":{"line":246,"column":34}},"63":{"start":{"line":247,"column":0},"end":{"line":247,"column":34}},"64":{"start":{"line":248,"column":0},"end":{"line":248,"column":43}},"65":{"start":{"line":249,"column":0},"end":{"line":249,"column":40}},"66":{"start":{"line":250,"column":0},"end":{"line":250,"column":40}},"67":{"start":{"line":251,"column":0},"end":{"line":251,"column":40}},"68":{"start":{"line":252,"column":0},"end":{"line":252,"column":36}},"69":{"start":{"line":253,"column":0},"end":{"line":253,"column":42}},"70":{"start":{"line":254,"column":0},"end":{"line":254,"column":29}},"71":{"start":{"line":255,"column":0},"end":{"line":255,"column":35}},"72":{"start":{"line":256,"column":0},"end":{"line":256,"column":46}},"73":{"start":{"line":257,"column":0},"end":{"line":257,"column":38}},"74":{"start":{"line":258,"column":0},"end":{"line":258,"column":43}},"75":{"start":{"line":259,"column":0},"end":{"line":259,"column":37}},"76":{"start":{"line":262,"column":0},"end":{"line":262,"column":28}}},"fnMap":{"0":{"name":"(anonymous_0)","decl":{"start":{"line":75,"column":12},"end":{"line":75,"column":13}},"loc":{"start":{"line":75,"column":33},"end":{"line":86,"column":5}}},"1":{"name":"(anonymous_1)","decl":{"start":{"line":101,"column":14},"end":{"line":101,"column":15}},"loc":{"start":{"line":101,"column":27},"end":{"line":103,"column":5}}},"2":{"name":"(anonymous_2)","decl":{"start":{"line":104,"column":17},"end":{"line":104,"column":18}},"loc":{"start":{"line":104,"column":30},"end":{"line":110,"column":5}}},"3":{"name":"(anonymous_3)","decl":{"start":{"line":119,"column":18},"end":{"line":119,"column":19}},"loc":{"start":{"line":119,"column":27},"end":{"line":119,"column":62}}},"4":{"name":"(anonymous_4)","decl":{"start":{"line":120,"column":10},"end":{"line":120,"column":11}},"loc":{"start":{"line":120,"column":18},"end":{"line":123,"column":5}}},"5":{"name":"(anonymous_5)","decl":{"start":{"line":131,"column":8},"end":{"line":131,"column":9}},"loc":{"start":{"line":131,"column":27},"end":{"line":149,"column":1}}},"6":{"name":"(anonymous_6)","decl":{"start":{"line":138,"column":21},"end":{"line":138,"column":24}},"loc":{"start":{"line":138,"column":26},"end":{"line":147,"column":5}}},"7":{"name":"(anonymous_7)","decl":{"start":{"line":190,"column":20},"end":{"line":190,"column":25}},"loc":{"start":{"line":190,"column":39},"end":{"line":193,"column":1}}},"8":{"name":"(anonymous_8)","decl":{"start":{"line":213,"column":9},"end":{"line":213,"column":14}},"loc":{"start":{"line":213,"column":28},"end":{"line":229,"column":5}}},"9":{"name":"(anonymous_9)","decl":{"start":{"line":230,"column":18},"end":{"line":230,"column":19}},"loc":{"start":{"line":230,"column":31},"end":{"line":235,"column":5}}}},"branchMap":{"0":{"loc":{"start":{"line":43,"column":13},"end":{"line":43,"column":29}},"type":"binary-expr","locations":[{"start":{"line":43,"column":13},"end":{"line":43,"column":21}},{"start":{"line":43,"column":25},"end":{"line":43,"column":29}}]},"1":{"loc":{"start":{"line":76,"column":25},"end":{"line":76,"column":65}},"type":"binary-expr","locations":[{"start":{"line":76,"column":25},"end":{"line":76,"column":31}},{"start":{"line":76,"column":35},"end":{"line":76,"column":65}}]},"2":{"loc":{"start":{"line":77,"column":22},"end":{"line":77,"column":93}},"type":"binary-expr","locations":[{"start":{"line":77,"column":22},"end":{"line":77,"column":29}},{"start":{"line":77,"column":33},"end":{"line":77,"column":61}},{"start":{"line":77,"column":65},"end":{"line":77,"column":93}}]},"3":{"loc":{"start":{"line":78,"column":26},"end":{"line":78,"column":78}},"type":"binary-expr","locations":[{"start":{"line":78,"column":26},"end":{"line":78,"column":31}},{"start":{"line":78,"column":35},"end":{"line":78,"column":66}},{"start":{"line":78,"column":70},"end":{"line":78,"column":78}}]},"4":{"loc":{"start":{"line":80,"column":8},"end":{"line":85,"column":9}},"type":"if","locations":[{"start":{"line":80,"column":8},"end":{"line":85,"column":9}},{"start":{"line":82,"column":15},"end":{"line":85,"column":9}}]},"5":{"loc":{"start":{"line":99,"column":11},"end":{"line":99,"column":67}},"type":"cond-expr","locations":[{"start":{"line":99,"column":52},"end":{"line":99,"column":58}},{"start":{"line":99,"column":61},"end":{"line":99,"column":67}}]},"6":{"loc":{"start":{"line":102,"column":15},"end":{"line":102,"column":52}},"type":"binary-expr","locations":[{"start":{"line":102,"column":15},"end":{"line":102,"column":21}},{"start":{"line":102,"column":25},"end":{"line":102,"column":52}}]},"7":{"loc":{"start":{"line":106,"column":22},"end":{"line":106,"column":55}},"type":"binary-expr","locations":[{"start":{"line":106,"column":22},"end":{"line":106,"column":40}},{"start":{"line":106,"column":44},"end":{"line":106,"column":55}}]},"8":{"loc":{"start":{"line":107,"column":20},"end":{"line":107,"column":51}},"type":"binary-expr","locations":[{"start":{"line":107,"column":20},"end":{"line":107,"column":36}},{"start":{"line":107,"column":40},"end":{"line":107,"column":51}}]},"9":{"loc":{"start":{"line":119,"column":42},"end":{"line":119,"column":61}},"type":"binary-expr","locations":[{"start":{"line":119,"column":42},"end":{"line":119,"column":48}},{"start":{"line":119,"column":52},"end":{"line":119,"column":61}}]},"10":{"loc":{"start":{"line":121,"column":19},"end":{"line":121,"column":53}},"type":"binary-expr","locations":[{"start":{"line":121,"column":19},"end":{"line":121,"column":25}},{"start":{"line":121,"column":29},"end":{"line":121,"column":53}}]},"11":{"loc":{"start":{"line":122,"column":15},"end":{"line":122,"column":78}},"type":"binary-expr","locations":[{"start":{"line":122,"column":15},"end":{"line":122,"column":33}},{"start":{"line":122,"column":37},"end":{"line":122,"column":49}},{"start":{"line":122,"column":53},"end":{"line":122,"column":78}}]},"12":{"loc":{"start":{"line":133,"column":4},"end":{"line":135,"column":5}},"type":"if","locations":[{"start":{"line":133,"column":4},"end":{"line":135,"column":5}},{"start":{},"end":{}}]},"13":{"loc":{"start":{"line":133,"column":8},"end":{"line":133,"column":66}},"type":"binary-expr","locations":[{"start":{"line":133,"column":8},"end":{"line":133,"column":36}},{"start":{"line":133,"column":40},"end":{"line":133,"column":66}}]},"14":{"loc":{"start":{"line":140,"column":26},"end":{"line":140,"column":103}},"type":"cond-expr","locations":[{"start":{"line":140,"column":55},"end":{"line":140,"column":89}},{"start":{"line":140,"column":92},"end":{"line":140,"column":103}}]},"15":{"loc":{"start":{"line":143,"column":19},"end":{"line":143,"column":56}},"type":"cond-expr","locations":[{"start":{"line":143,"column":31},"end":{"line":143,"column":45}},{"start":{"line":143,"column":48},"end":{"line":143,"column":56}}]},"16":{"loc":{"start":{"line":215,"column":8},"end":{"line":215,"column":34}},"type":"if","locations":[{"start":{"line":215,"column":8},"end":{"line":215,"column":34}},{"start":{},"end":{}}]},"17":{"loc":{"start":{"line":219,"column":12},"end":{"line":224,"column":13}},"type":"switch","locations":[{"start":{"line":220,"column":16},"end":{"line":220,"column":47}},{"start":{"line":221,"column":16},"end":{"line":221,"column":39}},{"start":{"line":222,"column":16},"end":{"line":222,"column":28}},{"start":{"line":223,"column":16},"end":{"line":223,"column":36}}]},"18":{"loc":{"start":{"line":231,"column":8},"end":{"line":233,"column":9}},"type":"if","locations":[{"start":{"line":231,"column":8},"end":{"line":233,"column":9}},{"start":{},"end":{}}]},"19":{"loc":{"start":{"line":234,"column":30},"end":{"line":234,"column":49}},"type":"binary-expr","locations":[{"start":{"line":234,"column":30},"end":{"line":234,"column":36}},{"start":{"line":234,"column":40},"end":{"line":234,"column":49}}]}},"s":{"0":1,"1":1,"2":1,"3":1,"4":1,"5":1,"6":1,"7":2,"8":2,"9":2,"10":2,"11":2,"12":0,"13":0,"14":1,"15":1,"16":0,"17":2,"18":1,"19":0,"20":2,"21":2,"22":1,"23":1,"24":1,"25":2,"26":1,"27":1,"28":1,"29":1,"30":1,"31":1,"32":1,"33":1,"34":1,"35":1,"36":1,"37":1,"38":1,"39":1,"40":0,"41":0,"42":1,"43":1,"44":1,"45":1,"46":1,"47":1,"48":0,"49":0,"50":0,"51":0,"52":0,"53":0,"54":0,"55":0,"56":1,"57":0,"58":1,"59":1,"60":1,"61":1,"62":1,"63":1,"64":1,"65":1,"66":1,"67":1,"68":1,"69":1,"70":1,"71":1,"72":1,"73":1,"74":1,"75":1,"76":1},"f":{"0":2,"1":0,"2":2,"3":0,"4":2,"5":2,"6":1,"7":0,"8":1,"9":1},"b":{"0":[1,0],"1":[2,0],"2":[2,0,0],"3":[2,0,0],"4":[2,0],"5":[0,1],"6":[0,0],"7":[2,2],"8":[2,2],"9":[0,0],"10":[2,0],"11":[2,2,2],"12":[1,1],"13":[2,2],"14":[0,1],"15":[1,0],"16":[1,0],"17":[0,0,0,0],"18":[0,1],"19":[1,0]}}
,"/Users/danielgimenezzaragoza/Desktop/PROYECTOO/backend/src/auth.ts": {"path":"/Users/danielgimenezzaragoza/Desktop/PROYECTOO/backend/src/auth.ts","statementMap":{"0":{"start":{"line":7,"column":15},"end":{"line":7,"column":37}},"1":{"start":{"line":8,"column":0},"end":{"line":13,"column":1}},"2":{"start":{"line":9,"column":4},"end":{"line":11,"column":5}},"3":{"start":{"line":10,"column":8},"end":{"line":10,"column":82}},"4":{"start":{"line":12,"column":4},"end":{"line":12,"column":96}},"5":{"start":{"line":14,"column":16},"end":{"line":14,"column":51}},"6":{"start":{"line":17,"column":28},"end":{"line":19,"column":1}},"7":{"start":{"line":18,"column":4},"end":{"line":18,"column":43}},"8":{"start":{"line":21,"column":31},"end":{"line":23,"column":1}},"9":{"start":{"line":22,"column":4},"end":{"line":22,"column":48}},"10":{"start":{"line":25,"column":29},"end":{"line":28,"column":1}},"11":{"start":{"line":26,"column":16},"end":{"line":26,"column":35}},"12":{"start":{"line":27,"column":4},"end":{"line":27,"column":83}},"13":{"start":{"line":30,"column":36},"end":{"line":33,"column":1}},"14":{"start":{"line":31,"column":16},"end":{"line":31,"column":35}},"15":{"start":{"line":32,"column":4},"end":{"line":32,"column":77}},"16":{"start":{"line":35,"column":27},"end":{"line":37,"column":1}},"17":{"start":{"line":36,"column":4},"end":{"line":36,"column":38}},"18":{"start":{"line":40,"column":33},"end":{"line":52,"column":1}},"19":{"start":{"line":41,"column":23},"end":{"line":41,"column":51}},"20":{"start":{"line":42,"column":18},"end":{"line":42,"column":56}},"21":{"start":{"line":44,"column":4},"end":{"line":44,"column":74}},"22":{"start":{"line":44,"column":16},"end":{"line":44,"column":74}},"23":{"start":{"line":46,"column":4},"end":{"line":51,"column":7}},"24":{"start":{"line":47,"column":8},"end":{"line":47,"column":75}},"25":{"start":{"line":47,"column":17},"end":{"line":47,"column":75}},"26":{"start":{"line":49,"column":8},"end":{"line":49,"column":47}},"27":{"start":{"line":50,"column":8},"end":{"line":50,"column":15}}},"fnMap":{"0":{"name":"(anonymous_0)","decl":{"start":{"line":17,"column":28},"end":{"line":17,"column":33}},"loc":{"start":{"line":17,"column":55},"end":{"line":19,"column":1}}},"1":{"name":"(anonymous_1)","decl":{"start":{"line":21,"column":31},"end":{"line":21,"column":36}},"loc":{"start":{"line":21,"column":72},"end":{"line":23,"column":1}}},"2":{"name":"(anonymous_2)","decl":{"start":{"line":25,"column":29},"end":{"line":25,"column":30}},"loc":{"start":{"line":25,"column":80},"end":{"line":28,"column":1}}},"3":{"name":"(anonymous_3)","decl":{"start":{"line":30,"column":36},"end":{"line":30,"column":37}},"loc":{"start":{"line":30,"column":73},"end":{"line":33,"column":1}}},"4":{"name":"(anonymous_4)","decl":{"start":{"line":35,"column":27},"end":{"line":35,"column":28}},"loc":{"start":{"line":35,"column":45},"end":{"line":37,"column":1}}},"5":{"name":"(anonymous_5)","decl":{"start":{"line":40,"column":33},"end":{"line":40,"column":34}},"loc":{"start":{"line":40,"column":85},"end":{"line":52,"column":1}}},"6":{"name":"(anonymous_6)","decl":{"start":{"line":46,"column":31},"end":{"line":46,"column":32}},"loc":{"start":{"line":46,"column":45},"end":{"line":51,"column":5}}}},"branchMap":{"0":{"loc":{"start":{"line":8,"column":0},"end":{"line":13,"column":1}},"type":"if","locations":[{"start":{"line":8,"column":0},"end":{"line":13,"column":1}},{"start":{},"end":{}}]},"1":{"loc":{"start":{"line":9,"column":4},"end":{"line":11,"column":5}},"type":"if","locations":[{"start":{"line":9,"column":4},"end":{"line":11,"column":5}},{"start":{},"end":{}}]},"2":{"loc":{"start":{"line":14,"column":16},"end":{"line":14,"column":51}},"type":"binary-expr","locations":[{"start":{"line":14,"column":16},"end":{"line":14,"column":22}},{"start":{"line":14,"column":26},"end":{"line":14,"column":51}}]},"3":{"loc":{"start":{"line":42,"column":18},"end":{"line":42,"column":56}},"type":"binary-expr","locations":[{"start":{"line":42,"column":18},"end":{"line":42,"column":28}},{"start":{"line":42,"column":32},"end":{"line":42,"column":56}}]},"4":{"loc":{"start":{"line":44,"column":4},"end":{"line":44,"column":74}},"type":"if","locations":[{"start":{"line":44,"column":4},"end":{"line":44,"column":74}},{"start":{},"end":{}}]},"5":{"loc":{"start":{"line":47,"column":8},"end":{"line":47,"column":75}},"type":"if","locations":[{"start":{"line":47,"column":8},"end":{"line":47,"column":75}},{"start":{},"end":{}}]}},"s":{"0":1,"1":1,"2":0,"3":0,"4":0,"5":1,"6":1,"7":0,"8":1,"9":0,"10":1,"11":0,"12":0,"13":1,"14":0,"15":0,"16":1,"17":0,"18":1,"19":0,"20":0,"21":0,"22":0,"23":0,"24":0,"25":0,"26":0,"27":0},"f":{"0":0,"1":0,"2":0,"3":0,"4":0,"5":0,"6":0},"b":{"0":[0,1],"1":[0,0],"2":[1,0],"3":[0,0],"4":[0,0],"5":[0,0]}}
,"/Users/danielgimenezzaragoza/Desktop/PROYECTOO/backend/src/env.ts": {"path":"/Users/danielgimenezzaragoza/Desktop/PROYECTOO/backend/src/env.ts","statementMap":{"0":{"start":{"line":4,"column":0},"end":{"line":4,"column":16}},"1":{"start":{"line":6,"column":18},"end":{"line":37,"column":2}},"2":{"start":{"line":39,"column":13},"end":{"line":39,"column":45}},"3":{"start":{"line":41,"column":0},"end":{"line":47,"column":1}},"4":{"start":{"line":42,"column":4},"end":{"line":42,"column":58}},"5":{"start":{"line":43,"column":4},"end":{"line":45,"column":7}},"6":{"start":{"line":44,"column":8},"end":{"line":44,"column":71}},"7":{"start":{"line":46,"column":4},"end":{"line":46,"column":20}},"8":{"start":{"line":49,"column":19},"end":{"line":49,"column":28}}},"fnMap":{"0":{"name":"(anonymous_0)","decl":{"start":{"line":43,"column":30},"end":{"line":43,"column":31}},"loc":{"start":{"line":43,"column":40},"end":{"line":45,"column":5}}}},"branchMap":{"0":{"loc":{"start":{"line":41,"column":0},"end":{"line":47,"column":1}},"type":"if","locations":[{"start":{"line":41,"column":0},"end":{"line":47,"column":1}},{"start":{},"end":{}}]}},"s":{"0":1,"1":1,"2":1,"3":1,"4":0,"5":0,"6":0,"7":0,"8":1},"f":{"0":0},"b":{"0":[0,1]}}
,"/Users/danielgimenezzaragoza/Desktop/PROYECTOO/backend/src/core/context.ts": {"path":"/Users/danielgimenezzaragoza/Desktop/PROYECTOO/backend/src/core/context.ts","statementMap":{"0":{"start":{"line":3,"column":28},"end":{"line":3,"column":131}}},"fnMap":{},"branchMap":{},"s":{"0":2},"f":{},"b":{}}
,"/Users/danielgimenezzaragoza/Desktop/PROYECTOO/backend/src/core/events.ts": {"path":"/Users/danielgimenezzaragoza/Desktop/PROYECTOO/backend/src/core/events.ts","statementMap":{"0":{"start":{"line":2,"column":26},"end":{"line":2,"column":36}},"1":{"start":{"line":5,"column":22},"end":{"line":11,"column":2}},"2":{"start":{"line":14,"column":0},"end":{"line":18,"column":1}},"3":{"start":{"line":15,"column":4},"end":{"line":17,"column":7}},"4":{"start":{"line":16,"column":8},"end":{"line":16,"column":74}}},"fnMap":{"0":{"name":"(anonymous_0)","decl":{"start":{"line":15,"column":19},"end":{"line":15,"column":40}},"loc":{"start":{"line":15,"column":49},"end":{"line":17,"column":5}}}},"branchMap":{"0":{"loc":{"start":{"line":14,"column":0},"end":{"line":18,"column":1}},"type":"if","locations":[{"start":{"line":14,"column":0},"end":{"line":18,"column":1}},{"start":{},"end":{}}]}},"s":{"0":1,"1":1,"2":1,"3":0,"4":0},"f":{"0":0},"b":{"0":[0,1]}}
,"/Users/danielgimenezzaragoza/Desktop/PROYECTOO/backend/src/core/metrics.ts": {"path":"/Users/danielgimenezzaragoza/Desktop/PROYECTOO/backend/src/core/metrics.ts","statementMap":{"0":{"start":{"line":4,"column":17},"end":{"line":4,"column":38}},"1":{"start":{"line":7,"column":0},"end":{"line":9,"column":3}},"2":{"start":{"line":12,"column":0},"end":{"line":12,"column":43}},"3":{"start":{"line":19,"column":47},"end":{"line":26,"column":2}},"4":{"start":{"line":29,"column":35},"end":{"line":33,"column":2}},"5":{"start":{"line":36,"column":30},"end":{"line":41,"column":2}},"6":{"start":{"line":43,"column":32},"end":{"line":48,"column":2}},"7":{"start":{"line":51,"column":26},"end":{"line":53,"column":1}},"8":{"start":{"line":52,"column":4},"end":{"line":52,"column":36}},"9":{"start":{"line":55,"column":30},"end":{"line":57,"column":1}},"10":{"start":{"line":56,"column":4},"end":{"line":56,"column":32}}},"fnMap":{"0":{"name":"(anonymous_0)","decl":{"start":{"line":51,"column":26},"end":{"line":51,"column":31}},"loc":{"start":{"line":51,"column":37},"end":{"line":53,"column":1}}},"1":{"name":"(anonymous_1)","decl":{"start":{"line":55,"column":30},"end":{"line":55,"column":33}},"loc":{"start":{"line":55,"column":35},"end":{"line":57,"column":1}}}},"branchMap":{},"s":{"0":2,"1":2,"2":2,"3":2,"4":2,"5":2,"6":2,"7":2,"8":0,"9":2,"10":0},"f":{"0":0,"1":0},"b":{}}
,"/Users/danielgimenezzaragoza/Desktop/PROYECTOO/backend/src/core/prisma.ts": {"path":"/Users/danielgimenezzaragoza/Desktop/PROYECTOO/backend/src/core/prisma.ts","statementMap":{"0":{"start":{"line":5,"column":19},"end":{"line":7,"column":2}},"1":{"start":{"line":10,"column":25},"end":{"line":10,"column":109}},"2":{"start":{"line":12,"column":22},"end":{"line":222,"column":2}},"3":{"start":{"line":17,"column":16},"end":{"line":24,"column":17}},"4":{"start":{"line":18,"column":34},"end":{"line":18,"column":57}},"5":{"start":{"line":19,"column":20},"end":{"line":23,"column":21}},"6":{"start":{"line":20,"column":24},"end":{"line":22,"column":25}},"7":{"start":{"line":21,"column":29},"end":{"line":21,"column":94}},"8":{"start":{"line":26,"column":31},"end":{"line":26,"column":48}},"9":{"start":{"line":29,"column":16},"end":{"line":44,"column":17}},"10":{"start":{"line":30,"column":34},"end":{"line":30,"column":57}},"11":{"start":{"line":31,"column":20},"end":{"line":43,"column":21}},"12":{"start":{"line":32,"column":24},"end":{"line":42,"column":27}},"13":{"start":{"line":47,"column":16},"end":{"line":53,"column":17}},"14":{"start":{"line":48,"column":41},"end":{"line":48,"column":64}},"15":{"start":{"line":49,"column":38},"end":{"line":49,"column":88}},"16":{"start":{"line":50,"column":20},"end":{"line":52,"column":21}},"17":{"start":{"line":51,"column":24},"end":{"line":51,"column":81}},"18":{"start":{"line":55,"column":16},"end":{"line":55,"column":30}},"19":{"start":{"line":60,"column":16},"end":{"line":65,"column":17}},"20":{"start":{"line":61,"column":34},"end":{"line":61,"column":57}},"21":{"start":{"line":62,"column":20},"end":{"line":64,"column":21}},"22":{"start":{"line":63,"column":24},"end":{"line":63,"column":82}},"23":{"start":{"line":67,"column":31},"end":{"line":67,"column":48}},"24":{"start":{"line":70,"column":16},"end":{"line":88,"column":17}},"25":{"start":{"line":71,"column":34},"end":{"line":71,"column":57}},"26":{"start":{"line":72,"column":20},"end":{"line":87,"column":21}},"27":{"start":{"line":73,"column":24},"end":{"line":86,"column":27}},"28":{"start":{"line":91,"column":16},"end":{"line":97,"column":17}},"29":{"start":{"line":92,"column":41},"end":{"line":92,"column":64}},"30":{"start":{"line":93,"column":38},"end":{"line":93,"column":88}},"31":{"start":{"line":94,"column":20},"end":{"line":96,"column":21}},"32":{"start":{"line":95,"column":24},"end":{"line":95,"column":81}},"33":{"start":{"line":99,"column":16},"end":{"line":99,"column":30}},"34":{"start":{"line":104,"column":16},"end":{"line":109,"column":17}},"35":{"start":{"line":105,"column":34},"end":{"line":105,"column":57}},"36":{"start":{"line":106,"column":20},"end":{"line":108,"column":21}},"37":{"start":{"line":107,"column":24},"end":{"line":107,"column":82}},"38":{"start":{"line":111,"column":31},"end":{"line":111,"column":48}},"39":{"start":{"line":114,"column":16},"end":{"line":129,"column":17}},"40":{"start":{"line":115,"column":34},"end":{"line":115,"column":57}},"41":{"start":{"line":116,"column":20},"end":{"line":128,"column":21}},"42":{"start":{"line":117,"column":24},"end":{"line":127,"column":27}},"43":{"start":{"line":132,"column":16},"end":{"line":138,"column":17}},"44":{"start":{"line":133,"column":41},"end":{"line":133,"column":64}},"45":{"start":{"line":134,"column":38},"end":{"line":134,"column":88}},"46":{"start":{"line":135,"column":20},"end":{"line":137,"column":21}},"47":{"start":{"line":136,"column":24},"end":{"line":136,"column":81}},"48":{"start":{"line":140,"column":16},"end":{"line":140,"column":30}},"49":{"start":{"line":145,"column":16},"end":{"line":150,"column":17}},"50":{"start":{"line":146,"column":34},"end":{"line":146,"column":57}},"51":{"start":{"line":147,"column":20},"end":{"line":149,"column":21}},"52":{"start":{"line":148,"column":24},"end":{"line":148,"column":89}},"53":{"start":{"line":151,"column":16},"end":{"line":151,"column":35}},"54":{"start":{"line":154,"column":16},"end":{"line":159,"column":17}},"55":{"start":{"line":155,"column":34},"end":{"line":155,"column":57}},"56":{"start":{"line":156,"column":20},"end":{"line":158,"column":21}},"57":{"start":{"line":157,"column":24},"end":{"line":157,"column":89}},"58":{"start":{"line":160,"column":16},"end":{"line":160,"column":35}},"59":{"start":{"line":163,"column":16},"end":{"line":168,"column":17}},"60":{"start":{"line":164,"column":34},"end":{"line":164,"column":57}},"61":{"start":{"line":165,"column":20},"end":{"line":167,"column":21}},"62":{"start":{"line":166,"column":24},"end":{"line":166,"column":89}},"63":{"start":{"line":169,"column":16},"end":{"line":169,"column":35}},"64":{"start":{"line":172,"column":16},"end":{"line":177,"column":17}},"65":{"start":{"line":173,"column":34},"end":{"line":173,"column":57}},"66":{"start":{"line":174,"column":20},"end":{"line":176,"column":21}},"67":{"start":{"line":175,"column":24},"end":{"line":175,"column":89}},"68":{"start":{"line":178,"column":16},"end":{"line":178,"column":35}},"69":{"start":{"line":181,"column":16},"end":{"line":186,"column":17}},"70":{"start":{"line":182,"column":34},"end":{"line":182,"column":57}},"71":{"start":{"line":183,"column":20},"end":{"line":185,"column":21}},"72":{"start":{"line":184,"column":24},"end":{"line":184,"column":89}},"73":{"start":{"line":187,"column":16},"end":{"line":187,"column":35}},"74":{"start":{"line":190,"column":16},"end":{"line":202,"column":17}},"75":{"start":{"line":191,"column":34},"end":{"line":191,"column":57}},"76":{"start":{"line":192,"column":20},"end":{"line":201,"column":21}},"77":{"start":{"line":194,"column":24},"end":{"line":200,"column":33}},"78":{"start":{"line":203,"column":16},"end":{"line":203,"column":35}},"79":{"start":{"line":206,"column":16},"end":{"line":217,"column":17}},"80":{"start":{"line":207,"column":34},"end":{"line":207,"column":57}},"81":{"start":{"line":208,"column":20},"end":{"line":216,"column":21}},"82":{"start":{"line":209,"column":24},"end":{"line":215,"column":33}},"83":{"start":{"line":218,"column":16},"end":{"line":218,"column":35}}},"fnMap":{"0":{"name":"(anonymous_0)","decl":{"start":{"line":16,"column":12},"end":{"line":16,"column":17}},"loc":{"start":{"line":16,"column":47},"end":{"line":56,"column":13}}},"1":{"name":"(anonymous_1)","decl":{"start":{"line":59,"column":12},"end":{"line":59,"column":17}},"loc":{"start":{"line":59,"column":47},"end":{"line":100,"column":13}}},"2":{"name":"(anonymous_2)","decl":{"start":{"line":103,"column":12},"end":{"line":103,"column":17}},"loc":{"start":{"line":103,"column":47},"end":{"line":141,"column":13}}},"3":{"name":"(anonymous_3)","decl":{"start":{"line":144,"column":12},"end":{"line":144,"column":17}},"loc":{"start":{"line":144,"column":49},"end":{"line":152,"column":13}}},"4":{"name":"(anonymous_4)","decl":{"start":{"line":153,"column":12},"end":{"line":153,"column":17}},"loc":{"start":{"line":153,"column":50},"end":{"line":161,"column":13}}},"5":{"name":"(anonymous_5)","decl":{"start":{"line":162,"column":12},"end":{"line":162,"column":17}},"loc":{"start":{"line":162,"column":46},"end":{"line":170,"column":13}}},"6":{"name":"(anonymous_6)","decl":{"start":{"line":171,"column":12},"end":{"line":171,"column":17}},"loc":{"start":{"line":171,"column":50},"end":{"line":179,"column":13}}},"7":{"name":"(anonymous_7)","decl":{"start":{"line":180,"column":12},"end":{"line":180,"column":17}},"loc":{"start":{"line":180,"column":48},"end":{"line":188,"column":13}}},"8":{"name":"(anonymous_8)","decl":{"start":{"line":189,"column":12},"end":{"line":189,"column":17}},"loc":{"start":{"line":189,"column":51},"end":{"line":204,"column":13}}},"9":{"name":"(anonymous_9)","decl":{"start":{"line":205,"column":12},"end":{"line":205,"column":17}},"loc":{"start":{"line":205,"column":58},"end":{"line":219,"column":13}}}},"branchMap":{"0":{"loc":{"start":{"line":6,"column":9},"end":{"line":6,"column":88}},"type":"cond-expr","locations":[{"start":{"line":6,"column":50},"end":{"line":6,"column":76}},{"start":{"line":6,"column":79},"end":{"line":6,"column":88}}]},"1":{"loc":{"start":{"line":17,"column":16},"end":{"line":24,"column":17}},"type":"if","locations":[{"start":{"line":17,"column":16},"end":{"line":24,"column":17}},{"start":{},"end":{}}]},"2":{"loc":{"start":{"line":17,"column":20},"end":{"line":17,"column":72}},"type":"binary-expr","locations":[{"start":{"line":17,"column":20},"end":{"line":17,"column":52}},{"start":{"line":17,"column":56},"end":{"line":17,"column":72}}]},"3":{"loc":{"start":{"line":19,"column":20},"end":{"line":23,"column":21}},"type":"if","locations":[{"start":{"line":19,"column":20},"end":{"line":23,"column":21}},{"start":{},"end":{}}]},"4":{"loc":{"start":{"line":19,"column":24},"end":{"line":19,"column":59}},"type":"binary-expr","locations":[{"start":{"line":19,"column":24},"end":{"line":19,"column":40}},{"start":{"line":19,"column":44},"end":{"line":19,"column":59}}]},"5":{"loc":{"start":{"line":20,"column":24},"end":{"line":22,"column":25}},"type":"if","locations":[{"start":{"line":20,"column":24},"end":{"line":22,"column":25}},{"start":{},"end":{}}]},"6":{"loc":{"start":{"line":29,"column":16},"end":{"line":44,"column":17}},"type":"if","locations":[{"start":{"line":29,"column":16},"end":{"line":44,"column":17}},{"start":{},"end":{}}]},"7":{"loc":{"start":{"line":31,"column":20},"end":{"line":43,"column":21}},"type":"if","locations":[{"start":{"line":31,"column":20},"end":{"line":43,"column":21}},{"start":{},"end":{}}]},"8":{"loc":{"start":{"line":38,"column":44},"end":{"line":38,"column":67}},"type":"binary-expr","locations":[{"start":{"line":38,"column":44},"end":{"line":38,"column":59}},{"start":{"line":38,"column":63},"end":{"line":38,"column":67}}]},"9":{"loc":{"start":{"line":39,"column":43},"end":{"line":39,"column":99}},"type":"binary-expr","locations":[{"start":{"line":39,"column":43},"end":{"line":39,"column":65}},{"start":{"line":39,"column":70},"end":{"line":39,"column":94}},{"start":{"line":39,"column":98},"end":{"line":39,"column":99}}]},"10":{"loc":{"start":{"line":47,"column":16},"end":{"line":53,"column":17}},"type":"if","locations":[{"start":{"line":47,"column":16},"end":{"line":53,"column":17}},{"start":{},"end":{}}]},"11":{"loc":{"start":{"line":49,"column":38},"end":{"line":49,"column":88}},"type":"binary-expr","locations":[{"start":{"line":49,"column":38},"end":{"line":49,"column":62}},{"start":{"line":49,"column":66},"end":{"line":49,"column":88}}]},"12":{"loc":{"start":{"line":50,"column":20},"end":{"line":52,"column":21}},"type":"if","locations":[{"start":{"line":50,"column":20},"end":{"line":52,"column":21}},{"start":{},"end":{}}]},"13":{"loc":{"start":{"line":60,"column":16},"end":{"line":65,"column":17}},"type":"if","locations":[{"start":{"line":60,"column":16},"end":{"line":65,"column":17}},{"start":{},"end":{}}]},"14":{"loc":{"start":{"line":62,"column":20},"end":{"line":64,"column":21}},"type":"if","locations":[{"start":{"line":62,"column":20},"end":{"line":64,"column":21}},{"start":{},"end":{}}]},"15":{"loc":{"start":{"line":62,"column":24},"end":{"line":62,"column":59}},"type":"binary-expr","locations":[{"start":{"line":62,"column":24},"end":{"line":62,"column":40}},{"start":{"line":62,"column":44},"end":{"line":62,"column":59}}]},"16":{"loc":{"start":{"line":70,"column":16},"end":{"line":88,"column":17}},"type":"if","locations":[{"start":{"line":70,"column":16},"end":{"line":88,"column":17}},{"start":{},"end":{}}]},"17":{"loc":{"start":{"line":72,"column":20},"end":{"line":87,"column":21}},"type":"if","locations":[{"start":{"line":72,"column":20},"end":{"line":87,"column":21}},{"start":{},"end":{}}]},"18":{"loc":{"start":{"line":79,"column":44},"end":{"line":79,"column":67}},"type":"binary-expr","locations":[{"start":{"line":79,"column":44},"end":{"line":79,"column":59}},{"start":{"line":79,"column":63},"end":{"line":79,"column":67}}]},"19":{"loc":{"start":{"line":80,"column":43},"end":{"line":80,"column":99}},"type":"binary-expr","locations":[{"start":{"line":80,"column":43},"end":{"line":80,"column":65}},{"start":{"line":80,"column":70},"end":{"line":80,"column":94}},{"start":{"line":80,"column":98},"end":{"line":80,"column":99}}]},"20":{"loc":{"start":{"line":91,"column":16},"end":{"line":97,"column":17}},"type":"if","locations":[{"start":{"line":91,"column":16},"end":{"line":97,"column":17}},{"start":{},"end":{}}]},"21":{"loc":{"start":{"line":93,"column":38},"end":{"line":93,"column":88}},"type":"binary-expr","locations":[{"start":{"line":93,"column":38},"end":{"line":93,"column":62}},{"start":{"line":93,"column":66},"end":{"line":93,"column":88}}]},"22":{"loc":{"start":{"line":94,"column":20},"end":{"line":96,"column":21}},"type":"if","locations":[{"start":{"line":94,"column":20},"end":{"line":96,"column":21}},{"start":{},"end":{}}]},"23":{"loc":{"start":{"line":104,"column":16},"end":{"line":109,"column":17}},"type":"if","locations":[{"start":{"line":104,"column":16},"end":{"line":109,"column":17}},{"start":{},"end":{}}]},"24":{"loc":{"start":{"line":106,"column":20},"end":{"line":108,"column":21}},"type":"if","locations":[{"start":{"line":106,"column":20},"end":{"line":108,"column":21}},{"start":{},"end":{}}]},"25":{"loc":{"start":{"line":106,"column":24},"end":{"line":106,"column":59}},"type":"binary-expr","locations":[{"start":{"line":106,"column":24},"end":{"line":106,"column":40}},{"start":{"line":106,"column":44},"end":{"line":106,"column":59}}]},"26":{"loc":{"start":{"line":114,"column":16},"end":{"line":129,"column":17}},"type":"if","locations":[{"start":{"line":114,"column":16},"end":{"line":129,"column":17}},{"start":{},"end":{}}]},"27":{"loc":{"start":{"line":116,"column":20},"end":{"line":128,"column":21}},"type":"if","locations":[{"start":{"line":116,"column":20},"end":{"line":128,"column":21}},{"start":{},"end":{}}]},"28":{"loc":{"start":{"line":123,"column":44},"end":{"line":123,"column":67}},"type":"binary-expr","locations":[{"start":{"line":123,"column":44},"end":{"line":123,"column":59}},{"start":{"line":123,"column":63},"end":{"line":123,"column":67}}]},"29":{"loc":{"start":{"line":124,"column":43},"end":{"line":124,"column":99}},"type":"binary-expr","locations":[{"start":{"line":124,"column":43},"end":{"line":124,"column":65}},{"start":{"line":124,"column":70},"end":{"line":124,"column":94}},{"start":{"line":124,"column":98},"end":{"line":124,"column":99}}]},"30":{"loc":{"start":{"line":132,"column":16},"end":{"line":138,"column":17}},"type":"if","locations":[{"start":{"line":132,"column":16},"end":{"line":138,"column":17}},{"start":{},"end":{}}]},"31":{"loc":{"start":{"line":134,"column":38},"end":{"line":134,"column":88}},"type":"binary-expr","locations":[{"start":{"line":134,"column":38},"end":{"line":134,"column":62}},{"start":{"line":134,"column":66},"end":{"line":134,"column":88}}]},"32":{"loc":{"start":{"line":135,"column":20},"end":{"line":137,"column":21}},"type":"if","locations":[{"start":{"line":135,"column":20},"end":{"line":137,"column":21}},{"start":{},"end":{}}]},"33":{"loc":{"start":{"line":145,"column":16},"end":{"line":150,"column":17}},"type":"if","locations":[{"start":{"line":145,"column":16},"end":{"line":150,"column":17}},{"start":{},"end":{}}]},"34":{"loc":{"start":{"line":147,"column":20},"end":{"line":149,"column":21}},"type":"if","locations":[{"start":{"line":147,"column":20},"end":{"line":149,"column":21}},{"start":{},"end":{}}]},"35":{"loc":{"start":{"line":147,"column":24},"end":{"line":147,"column":59}},"type":"binary-expr","locations":[{"start":{"line":147,"column":24},"end":{"line":147,"column":40}},{"start":{"line":147,"column":44},"end":{"line":147,"column":59}}]},"36":{"loc":{"start":{"line":154,"column":16},"end":{"line":159,"column":17}},"type":"if","locations":[{"start":{"line":154,"column":16},"end":{"line":159,"column":17}},{"start":{},"end":{}}]},"37":{"loc":{"start":{"line":156,"column":20},"end":{"line":158,"column":21}},"type":"if","locations":[{"start":{"line":156,"column":20},"end":{"line":158,"column":21}},{"start":{},"end":{}}]},"38":{"loc":{"start":{"line":156,"column":24},"end":{"line":156,"column":59}},"type":"binary-expr","locations":[{"start":{"line":156,"column":24},"end":{"line":156,"column":40}},{"start":{"line":156,"column":44},"end":{"line":156,"column":59}}]},"39":{"loc":{"start":{"line":163,"column":16},"end":{"line":168,"column":17}},"type":"if","locations":[{"start":{"line":163,"column":16},"end":{"line":168,"column":17}},{"start":{},"end":{}}]},"40":{"loc":{"start":{"line":165,"column":20},"end":{"line":167,"column":21}},"type":"if","locations":[{"start":{"line":165,"column":20},"end":{"line":167,"column":21}},{"start":{},"end":{}}]},"41":{"loc":{"start":{"line":165,"column":24},"end":{"line":165,"column":59}},"type":"binary-expr","locations":[{"start":{"line":165,"column":24},"end":{"line":165,"column":40}},{"start":{"line":165,"column":44},"end":{"line":165,"column":59}}]},"42":{"loc":{"start":{"line":172,"column":16},"end":{"line":177,"column":17}},"type":"if","locations":[{"start":{"line":172,"column":16},"end":{"line":177,"column":17}},{"start":{},"end":{}}]},"43":{"loc":{"start":{"line":174,"column":20},"end":{"line":176,"column":21}},"type":"if","locations":[{"start":{"line":174,"column":20},"end":{"line":176,"column":21}},{"start":{},"end":{}}]},"44":{"loc":{"start":{"line":174,"column":24},"end":{"line":174,"column":59}},"type":"binary-expr","locations":[{"start":{"line":174,"column":24},"end":{"line":174,"column":40}},{"start":{"line":174,"column":44},"end":{"line":174,"column":59}}]},"45":{"loc":{"start":{"line":181,"column":16},"end":{"line":186,"column":17}},"type":"if","locations":[{"start":{"line":181,"column":16},"end":{"line":186,"column":17}},{"start":{},"end":{}}]},"46":{"loc":{"start":{"line":183,"column":20},"end":{"line":185,"column":21}},"type":"if","locations":[{"start":{"line":183,"column":20},"end":{"line":185,"column":21}},{"start":{},"end":{}}]},"47":{"loc":{"start":{"line":183,"column":24},"end":{"line":183,"column":59}},"type":"binary-expr","locations":[{"start":{"line":183,"column":24},"end":{"line":183,"column":40}},{"start":{"line":183,"column":44},"end":{"line":183,"column":59}}]},"48":{"loc":{"start":{"line":190,"column":16},"end":{"line":202,"column":17}},"type":"if","locations":[{"start":{"line":190,"column":16},"end":{"line":202,"column":17}},{"start":{},"end":{}}]},"49":{"loc":{"start":{"line":192,"column":20},"end":{"line":201,"column":21}},"type":"if","locations":[{"start":{"line":192,"column":20},"end":{"line":201,"column":21}},{"start":{},"end":{}}]},"50":{"loc":{"start":{"line":192,"column":24},"end":{"line":192,"column":59}},"type":"binary-expr","locations":[{"start":{"line":192,"column":24},"end":{"line":192,"column":40}},{"start":{"line":192,"column":44},"end":{"line":192,"column":59}}]},"51":{"loc":{"start":{"line":206,"column":16},"end":{"line":217,"column":17}},"type":"if","locations":[{"start":{"line":206,"column":16},"end":{"line":217,"column":17}},{"start":{},"end":{}}]},"52":{"loc":{"start":{"line":208,"column":20},"end":{"line":216,"column":21}},"type":"if","locations":[{"start":{"line":208,"column":20},"end":{"line":216,"column":21}},{"start":{},"end":{}}]},"53":{"loc":{"start":{"line":208,"column":24},"end":{"line":208,"column":59}},"type":"binary-expr","locations":[{"start":{"line":208,"column":24},"end":{"line":208,"column":40}},{"start":{"line":208,"column":44},"end":{"line":208,"column":59}}]}},"s":{"0":2,"1":2,"2":2,"3":0,"4":0,"5":0,"6":0,"7":0,"8":0,"9":0,"10":0,"11":0,"12":0,"13":0,"14":0,"15":0,"16":0,"17":0,"18":0,"19":1,"20":1,"21":1,"22":1,"23":1,"24":0,"25":0,"26":0,"27":0,"28":0,"29":0,"30":0,"31":0,"32":0,"33":0,"34":0,"35":0,"36":0,"37":0,"38":0,"39":0,"40":0,"41":0,"42":0,"43":0,"44":0,"45":0,"46":0,"47":0,"48":0,"49":3,"50":3,"51":3,"52":3,"53":3,"54":1,"55":1,"56":1,"57":1,"58":1,"59":0,"60":0,"61":0,"62":0,"63":0,"64":1,"65":1,"66":1,"67":1,"68":1,"69":2,"70":2,"71":2,"72":2,"73":2,"74":3,"75":3,"76":3,"77":2,"78":3,"79":0,"80":0,"81":0,"82":0,"83":0},"f":{"0":0,"1":1,"2":0,"3":3,"4":1,"5":0,"6":1,"7":2,"8":3,"9":0},"b":{"0":[0,2],"1":[0,0],"2":[0,0],"3":[0,0],"4":[0,0],"5":[0,0],"6":[0,0],"7":[0,0],"8":[0,0],"9":[0,0,0],"10":[0,0],"11":[0,0],"12":[0,0],"13":[1,0],"14":[1,0],"15":[1,1],"16":[0,0],"17":[0,0],"18":[0,0],"19":[0,0,0],"20":[0,0],"21":[0,0],"22":[0,0],"23":[0,0],"24":[0,0],"25":[0,0],"26":[0,0],"27":[0,0],"28":[0,0],"29":[0,0,0],"30":[0,0],"31":[0,0],"32":[0,0],"33":[3,0],"34":[3,0],"35":[3,3],"36":[1,0],"37":[1,0],"38":[1,1],"39":[0,0],"40":[0,0],"41":[0,0],"42":[1,0],"43":[1,0],"44":[1,1],"45":[2,0],"46":[2,0],"47":[2,2],"48":[3,0],"49":[2,1],"50":[3,3],"51":[0,0],"52":[0,0],"53":[0,0]}}
,"/Users/danielgimenezzaragoza/Desktop/PROYECTOO/backend/src/core/redis.ts": {"path":"/Users/danielgimenezzaragoza/Desktop/PROYECTOO/backend/src/core/redis.ts","statementMap":{"0":{"start":{"line":5,"column":18},"end":{"line":5,"column":67}},"1":{"start":{"line":11,"column":8},"end":{"line":11,"column":55}},"2":{"start":{"line":13,"column":8},"end":{"line":13,"column":86}},"3":{"start":{"line":13,"column":41},"end":{"line":13,"column":84}},"4":{"start":{"line":16,"column":8},"end":{"line":20,"column":9}},"5":{"start":{"line":17,"column":12},"end":{"line":19,"column":15}},"6":{"start":{"line":18,"column":16},"end":{"line":18,"column":133}},"7":{"start":{"line":24,"column":8},"end":{"line":26,"column":9}},"8":{"start":{"line":25,"column":12},"end":{"line":25,"column":35}},"9":{"start":{"line":28,"column":8},"end":{"line":46,"column":9}},"10":{"start":{"line":29,"column":32},"end":{"line":29,"column":58}},"11":{"start":{"line":30,"column":12},"end":{"line":35,"column":13}},"12":{"start":{"line":31,"column":16},"end":{"line":31,"column":71}},"13":{"start":{"line":32,"column":35},"end":{"line":32,"column":65}},"14":{"start":{"line":33,"column":16},"end":{"line":33,"column":59}},"15":{"start":{"line":34,"column":16},"end":{"line":34,"column":52}},"16":{"start":{"line":37,"column":30},"end":{"line":37,"column":45}},"17":{"start":{"line":38,"column":12},"end":{"line":38,"column":69}},"18":{"start":{"line":39,"column":31},"end":{"line":39,"column":61}},"19":{"start":{"line":40,"column":12},"end":{"line":40,"column":57}},"20":{"start":{"line":41,"column":12},"end":{"line":41,"column":80}},"21":{"start":{"line":42,"column":12},"end":{"line":42,"column":29}},"22":{"start":{"line":44,"column":12},"end":{"line":44,"column":65}},"23":{"start":{"line":45,"column":12},"end":{"line":45,"column":35}},"24":{"start":{"line":50,"column":8},"end":{"line":50,"column":40}},"25":{"start":{"line":50,"column":33},"end":{"line":50,"column":40}},"26":{"start":{"line":51,"column":8},"end":{"line":66,"column":9}},"27":{"start":{"line":52,"column":25},"end":{"line":52,"column":26}},"28":{"start":{"line":53,"column":12},"end":{"line":63,"column":35}},"29":{"start":{"line":54,"column":31},"end":{"line":57,"column":18}},"30":{"start":{"line":58,"column":16},"end":{"line":58,"column":39}},"31":{"start":{"line":59,"column":16},"end":{"line":62,"column":17}},"32":{"start":{"line":60,"column":20},"end":{"line":60,"column":58}},"33":{"start":{"line":61,"column":20},"end":{"line":61,"column":118}},"34":{"start":{"line":65,"column":12},"end":{"line":65,"column":78}},"35":{"start":{"line":70,"column":24},"end":{"line":70,"column":58}},"36":{"start":{"line":71,"column":8},"end":{"line":71,"column":39}},"37":{"start":{"line":75,"column":8},"end":{"line":77,"column":9}},"38":{"start":{"line":76,"column":12},"end":{"line":76,"column":56}},"39":{"start":{"line":78,"column":8},"end":{"line":78,"column":40}},"40":{"start":{"line":82,"column":8},"end":{"line":82,"column":40}},"41":{"start":{"line":82,"column":33},"end":{"line":82,"column":40}},"42":{"start":{"line":83,"column":8},"end":{"line":83,"column":73}},"43":{"start":{"line":87,"column":8},"end":{"line":87,"column":46}},"44":{"start":{"line":87,"column":33},"end":{"line":87,"column":46}},"45":{"start":{"line":88,"column":23},"end":{"line":88,"column":71}},"46":{"start":{"line":89,"column":8},"end":{"line":89,"column":28}},"47":{"start":{"line":93,"column":8},"end":{"line":93,"column":45}},"48":{"start":{"line":93,"column":33},"end":{"line":93,"column":45}},"49":{"start":{"line":94,"column":8},"end":{"line":103,"column":9}},"50":{"start":{"line":95,"column":25},"end":{"line":95,"column":88}},"51":{"start":{"line":96,"column":27},"end":{"line":96,"column":92}},"52":{"start":{"line":97,"column":26},"end":{"line":97,"column":39}},"53":{"start":{"line":98,"column":29},"end":{"line":98,"column":87}},"54":{"start":{"line":100,"column":12},"end":{"line":100,"column":53}},"55":{"start":{"line":102,"column":12},"end":{"line":102,"column":24}},"56":{"start":{"line":107,"column":26},"end":{"line":107,"column":43}}},"fnMap":{"0":{"name":"(anonymous_0)","decl":{"start":{"line":10,"column":4},"end":{"line":10,"column":null}},"loc":{"start":{"line":10,"column":4},"end":{"line":21,"column":5}}},"1":{"name":"(anonymous_1)","decl":{"start":{"line":13,"column":32},"end":{"line":13,"column":33}},"loc":{"start":{"line":13,"column":41},"end":{"line":13,"column":84}}},"2":{"name":"(anonymous_2)","decl":{"start":{"line":17,"column":40},"end":{"line":17,"column":41}},"loc":{"start":{"line":17,"column":51},"end":{"line":19,"column":13}}},"3":{"name":"(anonymous_3)","decl":{"start":{"line":23,"column":4},"end":{"line":23,"column":9}},"loc":{"start":{"line":23,"column":80},"end":{"line":47,"column":5}}},"4":{"name":"(anonymous_4)","decl":{"start":{"line":31,"column":60},"end":{"line":31,"column":63}},"loc":{"start":{"line":31,"column":65},"end":{"line":31,"column":69}}},"5":{"name":"(anonymous_5)","decl":{"start":{"line":38,"column":58},"end":{"line":38,"column":61}},"loc":{"start":{"line":38,"column":63},"end":{"line":38,"column":67}}},"6":{"name":"(anonymous_6)","decl":{"start":{"line":49,"column":4},"end":{"line":49,"column":9}},"loc":{"start":{"line":49,"column":36},"end":{"line":67,"column":5}}},"7":{"name":"(anonymous_7)","decl":{"start":{"line":69,"column":4},"end":{"line":69,"column":9}},"loc":{"start":{"line":69,"column":67},"end":{"line":72,"column":5}}},"8":{"name":"(anonymous_8)","decl":{"start":{"line":74,"column":4},"end":{"line":74,"column":9}},"loc":{"start":{"line":74,"column":14},"end":{"line":79,"column":5}}},"9":{"name":"(anonymous_9)","decl":{"start":{"line":81,"column":4},"end":{"line":81,"column":9}},"loc":{"start":{"line":81,"column":56},"end":{"line":84,"column":5}}},"10":{"name":"(anonymous_10)","decl":{"start":{"line":86,"column":4},"end":{"line":86,"column":9}},"loc":{"start":{"line":86,"column":40},"end":{"line":90,"column":5}}},"11":{"name":"(anonymous_11)","decl":{"start":{"line":92,"column":4},"end":{"line":92,"column":9}},"loc":{"start":{"line":92,"column":22},"end":{"line":104,"column":5}}}},"branchMap":{"0":{"loc":{"start":{"line":5,"column":18},"end":{"line":5,"column":67}},"type":"binary-expr","locations":[{"start":{"line":5,"column":18},"end":{"line":5,"column":39}},{"start":{"line":5,"column":43},"end":{"line":5,"column":67}}]},"1":{"loc":{"start":{"line":16,"column":8},"end":{"line":20,"column":9}},"type":"if","locations":[{"start":{"line":16,"column":8},"end":{"line":20,"column":9}},{"start":{},"end":{}}]},"2":{"loc":{"start":{"line":24,"column":8},"end":{"line":26,"column":9}},"type":"if","locations":[{"start":{"line":24,"column":8},"end":{"line":26,"column":9}},{"start":{},"end":{}}]},"3":{"loc":{"start":{"line":30,"column":12},"end":{"line":35,"column":13}},"type":"if","locations":[{"start":{"line":30,"column":12},"end":{"line":35,"column":13}},{"start":{},"end":{}}]},"4":{"loc":{"start":{"line":32,"column":35},"end":{"line":32,"column":65}},"type":"binary-expr","locations":[{"start":{"line":32,"column":35},"end":{"line":32,"column":52}},{"start":{"line":32,"column":56},"end":{"line":32,"column":65}}]},"5":{"loc":{"start":{"line":39,"column":31},"end":{"line":39,"column":61}},"type":"binary-expr","locations":[{"start":{"line":39,"column":31},"end":{"line":39,"column":48}},{"start":{"line":39,"column":52},"end":{"line":39,"column":61}}]},"6":{"loc":{"start":{"line":50,"column":8},"end":{"line":50,"column":40}},"type":"if","locations":[{"start":{"line":50,"column":8},"end":{"line":50,"column":40}},{"start":{},"end":{}}]},"7":{"loc":{"start":{"line":59,"column":16},"end":{"line":62,"column":17}},"type":"if","locations":[{"start":{"line":59,"column":16},"end":{"line":62,"column":17}},{"start":{},"end":{}}]},"8":{"loc":{"start":{"line":75,"column":8},"end":{"line":77,"column":9}},"type":"if","locations":[{"start":{"line":75,"column":8},"end":{"line":77,"column":9}},{"start":{},"end":{}}]},"9":{"loc":{"start":{"line":82,"column":8},"end":{"line":82,"column":40}},"type":"if","locations":[{"start":{"line":82,"column":8},"end":{"line":82,"column":40}},{"start":{},"end":{}}]},"10":{"loc":{"start":{"line":87,"column":8},"end":{"line":87,"column":46}},"type":"if","locations":[{"start":{"line":87,"column":8},"end":{"line":87,"column":46}},{"start":{},"end":{}}]},"11":{"loc":{"start":{"line":93,"column":8},"end":{"line":93,"column":45}},"type":"if","locations":[{"start":{"line":93,"column":8},"end":{"line":93,"column":45}},{"start":{},"end":{}}]},"12":{"loc":{"start":{"line":95,"column":34},"end":{"line":95,"column":83}},"type":"binary-expr","locations":[{"start":{"line":95,"column":34},"end":{"line":95,"column":76}},{"start":{"line":95,"column":80},"end":{"line":95,"column":83}}]},"13":{"loc":{"start":{"line":96,"column":36},"end":{"line":96,"column":87}},"type":"binary-expr","locations":[{"start":{"line":96,"column":36},"end":{"line":96,"column":80}},{"start":{"line":96,"column":84},"end":{"line":96,"column":87}}]},"14":{"loc":{"start":{"line":98,"column":29},"end":{"line":98,"column":87}},"type":"cond-expr","locations":[{"start":{"line":98,"column":41},"end":{"line":98,"column":80}},{"start":{"line":98,"column":83},"end":{"line":98,"column":87}}]}},"s":{"0":2,"1":2,"2":2,"3":0,"4":2,"5":0,"6":0,"7":0,"8":0,"9":0,"10":0,"11":0,"12":0,"13":0,"14":0,"15":0,"16":0,"17":0,"18":0,"19":0,"20":0,"21":0,"22":0,"23":0,"24":0,"25":0,"26":0,"27":0,"28":0,"29":0,"30":0,"31":0,"32":0,"33":0,"34":0,"35":0,"36":0,"37":1,"38":1,"39":0,"40":0,"41":0,"42":0,"43":0,"44":0,"45":0,"46":0,"47":0,"48":0,"49":0,"50":0,"51":0,"52":0,"53":0,"54":0,"55":0,"56":2},"f":{"0":2,"1":0,"2":0,"3":0,"4":0,"5":0,"6":0,"7":0,"8":1,"9":0,"10":0,"11":0},"b":{"0":[2,2],"1":[0,2],"2":[0,0],"3":[0,0],"4":[0,0],"5":[0,0],"6":[0,0],"7":[0,0],"8":[1,0],"9":[0,0],"10":[0,0],"11":[0,0],"12":[0,0],"13":[0,0],"14":[0,0]}}
,"/Users/danielgimenezzaragoza/Desktop/PROYECTOO/backend/src/core/middlewares/auth.middleware.ts": {"path":"/Users/danielgimenezzaragoza/Desktop/PROYECTOO/backend/src/core/middlewares/auth.middleware.ts","statementMap":{"0":{"start":{"line":6,"column":16},"end":{"line":6,"column":67}},"1":{"start":{"line":10,"column":23},"end":{"line":43,"column":1}},"2":{"start":{"line":11,"column":16},"end":{"line":11,"column":31}},"3":{"start":{"line":13,"column":4},"end":{"line":15,"column":5}},"4":{"start":{"line":14,"column":8},"end":{"line":14,"column":56}},"5":{"start":{"line":17,"column":4},"end":{"line":19,"column":5}},"6":{"start":{"line":18,"column":8},"end":{"line":18,"column":90}},"7":{"start":{"line":21,"column":4},"end":{"line":42,"column":7}},"8":{"start":{"line":22,"column":8},"end":{"line":24,"column":9}},"9":{"start":{"line":23,"column":12},"end":{"line":23,"column":73}},"10":{"start":{"line":26,"column":24},"end":{"line":26,"column":54}},"11":{"start":{"line":29,"column":8},"end":{"line":34,"column":9}},"12":{"start":{"line":30,"column":34},"end":{"line":30,"column":82}},"13":{"start":{"line":31,"column":12},"end":{"line":33,"column":13}},"14":{"start":{"line":32,"column":16},"end":{"line":32,"column":94}},"15":{"start":{"line":36,"column":8},"end":{"line":36,"column":27}},"16":{"start":{"line":38,"column":26},"end":{"line":38,"column":61}},"17":{"start":{"line":39,"column":8},"end":{"line":41,"column":11}},"18":{"start":{"line":40,"column":12},"end":{"line":40,"column":19}}},"fnMap":{"0":{"name":"(anonymous_0)","decl":{"start":{"line":10,"column":23},"end":{"line":10,"column":24}},"loc":{"start":{"line":10,"column":75},"end":{"line":43,"column":1}}},"1":{"name":"(anonymous_1)","decl":{"start":{"line":21,"column":31},"end":{"line":21,"column":36}},"loc":{"start":{"line":21,"column":84},"end":{"line":42,"column":5}}},"2":{"name":"(anonymous_2)","decl":{"start":{"line":39,"column":92},"end":{"line":39,"column":95}},"loc":{"start":{"line":39,"column":97},"end":{"line":41,"column":9}}}},"branchMap":{"0":{"loc":{"start":{"line":6,"column":16},"end":{"line":6,"column":67}},"type":"binary-expr","locations":[{"start":{"line":6,"column":16},"end":{"line":6,"column":38}},{"start":{"line":6,"column":42},"end":{"line":6,"column":67}}]},"1":{"loc":{"start":{"line":13,"column":4},"end":{"line":15,"column":5}},"type":"if","locations":[{"start":{"line":13,"column":4},"end":{"line":15,"column":5}},{"start":{},"end":{}}]},"2":{"loc":{"start":{"line":13,"column":8},"end":{"line":13,"column":65}},"type":"binary-expr","locations":[{"start":{"line":13,"column":8},"end":{"line":13,"column":14}},{"start":{"line":13,"column":18},"end":{"line":13,"column":65}}]},"3":{"loc":{"start":{"line":17,"column":4},"end":{"line":19,"column":5}},"type":"if","locations":[{"start":{"line":17,"column":4},"end":{"line":19,"column":5}},{"start":{},"end":{}}]},"4":{"loc":{"start":{"line":22,"column":8},"end":{"line":24,"column":9}},"type":"if","locations":[{"start":{"line":22,"column":8},"end":{"line":24,"column":9}},{"start":{},"end":{}}]},"5":{"loc":{"start":{"line":22,"column":12},"end":{"line":22,"column":27}},"type":"binary-expr","locations":[{"start":{"line":22,"column":12},"end":{"line":22,"column":15}},{"start":{"line":22,"column":19},"end":{"line":22,"column":27}}]},"6":{"loc":{"start":{"line":29,"column":8},"end":{"line":34,"column":9}},"type":"if","locations":[{"start":{"line":29,"column":8},"end":{"line":34,"column":9}},{"start":{},"end":{}}]},"7":{"loc":{"start":{"line":31,"column":12},"end":{"line":33,"column":13}},"type":"if","locations":[{"start":{"line":31,"column":12},"end":{"line":33,"column":13}},{"start":{},"end":{}}]},"8":{"loc":{"start":{"line":38,"column":26},"end":{"line":38,"column":61}},"type":"cond-expr","locations":[{"start":{"line":38,"column":35},"end":{"line":38,"column":49}},{"start":{"line":38,"column":52},"end":{"line":38,"column":61}}]}},"s":{"0":1,"1":1,"2":0,"3":0,"4":0,"5":0,"6":0,"7":0,"8":0,"9":0,"10":0,"11":0,"12":0,"13":0,"14":0,"15":0,"16":0,"17":0,"18":0},"f":{"0":0,"1":0,"2":0},"b":{"0":[1,0],"1":[0,0],"2":[0,0],"3":[0,0],"4":[0,0],"5":[0,0],"6":[0,0],"7":[0,0],"8":[0,0]}}
,"/Users/danielgimenezzaragoza/Desktop/PROYECTOO/backend/src/core/middlewares/csrf.middleware.ts": {"path":"/Users/danielgimenezzaragoza/Desktop/PROYECTOO/backend/src/core/middlewares/csrf.middleware.ts","statementMap":{"0":{"start":{"line":4,"column":30},"end":{"line":23,"column":1}},"1":{"start":{"line":6,"column":4},"end":{"line":8,"column":5}},"2":{"start":{"line":7,"column":8},"end":{"line":7,"column":22}},"3":{"start":{"line":11,"column":23},"end":{"line":11,"column":44}},"4":{"start":{"line":12,"column":23},"end":{"line":12,"column":50}},"5":{"start":{"line":14,"column":4},"end":{"line":16,"column":5}},"6":{"start":{"line":15,"column":8},"end":{"line":15,"column":75}},"7":{"start":{"line":18,"column":4},"end":{"line":20,"column":5}},"8":{"start":{"line":19,"column":8},"end":{"line":19,"column":79}},"9":{"start":{"line":22,"column":4},"end":{"line":22,"column":11}}},"fnMap":{"0":{"name":"(anonymous_0)","decl":{"start":{"line":4,"column":30},"end":{"line":4,"column":31}},"loc":{"start":{"line":4,"column":82},"end":{"line":23,"column":1}}}},"branchMap":{"0":{"loc":{"start":{"line":6,"column":4},"end":{"line":8,"column":5}},"type":"if","locations":[{"start":{"line":6,"column":4},"end":{"line":8,"column":5}},{"start":{},"end":{}}]},"1":{"loc":{"start":{"line":14,"column":4},"end":{"line":16,"column":5}},"type":"if","locations":[{"start":{"line":14,"column":4},"end":{"line":16,"column":5}},{"start":{},"end":{}}]},"2":{"loc":{"start":{"line":14,"column":8},"end":{"line":14,"column":34}},"type":"binary-expr","locations":[{"start":{"line":14,"column":8},"end":{"line":14,"column":19}},{"start":{"line":14,"column":23},"end":{"line":14,"column":34}}]},"3":{"loc":{"start":{"line":18,"column":4},"end":{"line":20,"column":5}},"type":"if","locations":[{"start":{"line":18,"column":4},"end":{"line":20,"column":5}},{"start":{},"end":{}}]}},"s":{"0":1,"1":1,"2":1,"3":0,"4":0,"5":0,"6":0,"7":0,"8":0,"9":0},"f":{"0":1},"b":{"0":[1,0],"1":[0,0],"2":[0,0],"3":[0,0]}}
,"/Users/danielgimenezzaragoza/Desktop/PROYECTOO/backend/src/core/middlewares/error.middleware.ts": {"path":"/Users/danielgimenezzaragoza/Desktop/PROYECTOO/backend/src/core/middlewares/error.middleware.ts","statementMap":{"0":{"start":{"line":5,"column":34},"end":{"line":40,"column":1}},"1":{"start":{"line":6,"column":4},"end":{"line":6,"column":43}},"2":{"start":{"line":7,"column":4},"end":{"line":7,"column":39}},"3":{"start":{"line":9,"column":4},"end":{"line":39,"column":5}},"4":{"start":{"line":10,"column":8},"end":{"line":16,"column":11}},"5":{"start":{"line":19,"column":8},"end":{"line":38,"column":9}},"6":{"start":{"line":20,"column":12},"end":{"line":24,"column":15}},"7":{"start":{"line":26,"column":12},"end":{"line":32,"column":15}},"8":{"start":{"line":34,"column":12},"end":{"line":37,"column":15}}},"fnMap":{"0":{"name":"(anonymous_0)","decl":{"start":{"line":5,"column":34},"end":{"line":5,"column":35}},"loc":{"start":{"line":5,"column":96},"end":{"line":40,"column":1}}}},"branchMap":{"0":{"loc":{"start":{"line":6,"column":21},"end":{"line":6,"column":42}},"type":"binary-expr","locations":[{"start":{"line":6,"column":21},"end":{"line":6,"column":35}},{"start":{"line":6,"column":39},"end":{"line":6,"column":42}}]},"1":{"loc":{"start":{"line":7,"column":17},"end":{"line":7,"column":38}},"type":"binary-expr","locations":[{"start":{"line":7,"column":17},"end":{"line":7,"column":27}},{"start":{"line":7,"column":31},"end":{"line":7,"column":38}}]},"2":{"loc":{"start":{"line":9,"column":4},"end":{"line":39,"column":5}},"type":"if","locations":[{"start":{"line":9,"column":4},"end":{"line":39,"column":5}},{"start":{"line":17,"column":11},"end":{"line":39,"column":5}}]},"3":{"loc":{"start":{"line":19,"column":8},"end":{"line":38,"column":9}},"type":"if","locations":[{"start":{"line":19,"column":8},"end":{"line":38,"column":9}},{"start":{"line":25,"column":15},"end":{"line":38,"column":9}}]}},"s":{"0":1,"1":1,"2":1,"3":1,"4":0,"5":1,"6":1,"7":0,"8":0},"f":{"0":1},"b":{"0":[1,0],"1":[1,0],"2":[0,1],"3":[1,0]}}
,"/Users/danielgimenezzaragoza/Desktop/PROYECTOO/backend/src/core/middlewares/rbac.middleware.ts": {"path":"/Users/danielgimenezzaragoza/Desktop/PROYECTOO/backend/src/core/middlewares/rbac.middleware.ts","statementMap":{"0":{"start":{"line":4,"column":0},"end":{"line":4,"column":null}},"1":{"start":{"line":5,"column":4},"end":{"line":5,"column":null}},"2":{"start":{"line":6,"column":4},"end":{"line":6,"column":null}},"3":{"start":{"line":7,"column":4},"end":{"line":7,"column":null}},"4":{"start":{"line":8,"column":4},"end":{"line":8,"column":null}},"5":{"start":{"line":12,"column":0},"end":{"line":12,"column":null}},"6":{"start":{"line":14,"column":4},"end":{"line":14,"column":null}},"7":{"start":{"line":15,"column":4},"end":{"line":15,"column":null}},"8":{"start":{"line":16,"column":4},"end":{"line":16,"column":null}},"9":{"start":{"line":19,"column":4},"end":{"line":19,"column":null}},"10":{"start":{"line":20,"column":4},"end":{"line":20,"column":null}},"11":{"start":{"line":21,"column":4},"end":{"line":21,"column":null}},"12":{"start":{"line":24,"column":4},"end":{"line":24,"column":null}},"13":{"start":{"line":25,"column":4},"end":{"line":25,"column":null}},"14":{"start":{"line":26,"column":4},"end":{"line":26,"column":null}},"15":{"start":{"line":29,"column":4},"end":{"line":29,"column":null}},"16":{"start":{"line":30,"column":4},"end":{"line":30,"column":null}},"17":{"start":{"line":31,"column":4},"end":{"line":31,"column":null}},"18":{"start":{"line":35,"column":61},"end":{"line":53,"column":2}},"19":{"start":{"line":56,"column":33},"end":{"line":76,"column":1}},"20":{"start":{"line":57,"column":4},"end":{"line":75,"column":6}},"21":{"start":{"line":58,"column":21},"end":{"line":58,"column":29}},"22":{"start":{"line":60,"column":8},"end":{"line":62,"column":9}},"23":{"start":{"line":61,"column":12},"end":{"line":61,"column":86}},"24":{"start":{"line":64,"column":25},"end":{"line":64,"column":62}},"25":{"start":{"line":65,"column":28},"end":{"line":65,"column":59}},"26":{"start":{"line":67,"column":8},"end":{"line":69,"column":9}},"27":{"start":{"line":68,"column":12},"end":{"line":68,"column":26}},"28":{"start":{"line":71,"column":8},"end":{"line":74,"column":11}},"29":{"start":{"line":79,"column":27},"end":{"line":96,"column":1}},"30":{"start":{"line":80,"column":4},"end":{"line":95,"column":6}},"31":{"start":{"line":81,"column":21},"end":{"line":81,"column":29}},"32":{"start":{"line":83,"column":8},"end":{"line":85,"column":9}},"33":{"start":{"line":84,"column":12},"end":{"line":84,"column":86}},"34":{"start":{"line":87,"column":8},"end":{"line":89,"column":9}},"35":{"start":{"line":88,"column":12},"end":{"line":88,"column":26}},"36":{"start":{"line":91,"column":8},"end":{"line":94,"column":11}}},"fnMap":{"0":{"name":"(anonymous_0)","decl":{"start":{"line":4,"column":0},"end":{"line":4,"column":6}},"loc":{"start":{"line":4,"column":22},"end":{"line":9,"column":1}}},"1":{"name":"(anonymous_1)","decl":{"start":{"line":12,"column":0},"end":{"line":12,"column":6}},"loc":{"start":{"line":12,"column":22},"end":{"line":32,"column":1}}},"2":{"name":"(anonymous_2)","decl":{"start":{"line":56,"column":33},"end":{"line":56,"column":34}},"loc":{"start":{"line":56,"column":68},"end":{"line":76,"column":1}}},"3":{"name":"(anonymous_3)","decl":{"start":{"line":57,"column":11},"end":{"line":57,"column":12}},"loc":{"start":{"line":57,"column":63},"end":{"line":75,"column":5}}},"4":{"name":"(anonymous_4)","decl":{"start":{"line":79,"column":27},"end":{"line":79,"column":28}},"loc":{"start":{"line":79,"column":58},"end":{"line":96,"column":1}}},"5":{"name":"(anonymous_5)","decl":{"start":{"line":80,"column":11},"end":{"line":80,"column":12}},"loc":{"start":{"line":80,"column":63},"end":{"line":95,"column":5}}}},"branchMap":{"0":{"loc":{"start":{"line":4,"column":12},"end":{"line":4,"column":null}},"type":"binary-expr","locations":[{"start":{"line":4,"column":12},"end":{"line":4,"column":22}},{"start":{"line":4,"column":12},"end":{"line":4,"column":null}}]},"1":{"loc":{"start":{"line":12,"column":12},"end":{"line":12,"column":null}},"type":"binary-expr","locations":[{"start":{"line":12,"column":12},"end":{"line":12,"column":22}},{"start":{"line":12,"column":12},"end":{"line":12,"column":null}}]},"2":{"loc":{"start":{"line":60,"column":8},"end":{"line":62,"column":9}},"type":"if","locations":[{"start":{"line":60,"column":8},"end":{"line":62,"column":9}},{"start":{},"end":{}}]},"3":{"loc":{"start":{"line":60,"column":12},"end":{"line":60,"column":31}},"type":"binary-expr","locations":[{"start":{"line":60,"column":12},"end":{"line":60,"column":17}},{"start":{"line":60,"column":21},"end":{"line":60,"column":31}}]},"4":{"loc":{"start":{"line":65,"column":28},"end":{"line":65,"column":59}},"type":"binary-expr","locations":[{"start":{"line":65,"column":28},"end":{"line":65,"column":53}},{"start":{"line":65,"column":57},"end":{"line":65,"column":59}}]},"5":{"loc":{"start":{"line":67,"column":8},"end":{"line":69,"column":9}},"type":"if","locations":[{"start":{"line":67,"column":8},"end":{"line":69,"column":9}},{"start":{},"end":{}}]},"6":{"loc":{"start":{"line":83,"column":8},"end":{"line":85,"column":9}},"type":"if","locations":[{"start":{"line":83,"column":8},"end":{"line":85,"column":9}},{"start":{},"end":{}}]},"7":{"loc":{"start":{"line":83,"column":12},"end":{"line":83,"column":31}},"type":"binary-expr","locations":[{"start":{"line":83,"column":12},"end":{"line":83,"column":17}},{"start":{"line":83,"column":21},"end":{"line":83,"column":31}}]},"8":{"loc":{"start":{"line":87,"column":8},"end":{"line":89,"column":9}},"type":"if","locations":[{"start":{"line":87,"column":8},"end":{"line":89,"column":9}},{"start":{},"end":{}}]}},"s":{"0":1,"1":1,"2":1,"3":1,"4":1,"5":1,"6":1,"7":1,"8":1,"9":1,"10":1,"11":1,"12":1,"13":1,"14":1,"15":1,"16":1,"17":1,"18":1,"19":1,"20":16,"21":0,"22":0,"23":0,"24":0,"25":0,"26":0,"27":0,"28":0,"29":1,"30":1,"31":0,"32":0,"33":0,"34":0,"35":0,"36":0},"f":{"0":1,"1":1,"2":16,"3":0,"4":1,"5":0},"b":{"0":[1,1],"1":[1,1],"2":[0,0],"3":[0,0],"4":[0,0],"5":[0,0],"6":[0,0],"7":[0,0],"8":[0,0]}}
,"/Users/danielgimenezzaragoza/Desktop/PROYECTOO/backend/src/core/middlewares/requestId.middleware.ts": {"path":"/Users/danielgimenezzaragoza/Desktop/PROYECTOO/backend/src/core/middlewares/requestId.middleware.ts","statementMap":{"0":{"start":{"line":4,"column":35},"end":{"line":15,"column":1}},"1":{"start":{"line":6,"column":18},"end":{"line":6,"column":57}},"2":{"start":{"line":9,"column":4},"end":{"line":9,"column":29}},"3":{"start":{"line":12,"column":4},"end":{"line":12,"column":51}},"4":{"start":{"line":14,"column":4},"end":{"line":14,"column":11}}},"fnMap":{"0":{"name":"(anonymous_0)","decl":{"start":{"line":4,"column":35},"end":{"line":4,"column":36}},"loc":{"start":{"line":4,"column":87},"end":{"line":15,"column":1}}}},"branchMap":{"0":{"loc":{"start":{"line":6,"column":18},"end":{"line":6,"column":57}},"type":"binary-expr","locations":[{"start":{"line":6,"column":18},"end":{"line":6,"column":45}},{"start":{"line":6,"column":49},"end":{"line":6,"column":57}}]}},"s":{"0":1,"1":2,"2":2,"3":2,"4":2},"f":{"0":2},"b":{"0":[2,2]}}
,"/Users/danielgimenezzaragoza/Desktop/PROYECTOO/backend/src/core/middlewares/validate.middleware.ts": {"path":"/Users/danielgimenezzaragoza/Desktop/PROYECTOO/backend/src/core/middlewares/validate.middleware.ts","statementMap":{"0":{"start":{"line":5,"column":24},"end":{"line":31,"column":1}},"1":{"start":{"line":6,"column":4},"end":{"line":30,"column":6}},"2":{"start":{"line":7,"column":8},"end":{"line":29,"column":9}},"3":{"start":{"line":8,"column":30},"end":{"line":12,"column":14}},"4":{"start":{"line":15,"column":12},"end":{"line":15,"column":47}},"5":{"start":{"line":16,"column":12},"end":{"line":16,"column":49}},"6":{"start":{"line":17,"column":12},"end":{"line":17,"column":51}},"7":{"start":{"line":19,"column":12},"end":{"line":19,"column":19}},"8":{"start":{"line":21,"column":12},"end":{"line":27,"column":13}},"9":{"start":{"line":22,"column":32},"end":{"line":25,"column":19}},"10":{"start":{"line":22,"column":59},"end":{"line":25,"column":18}},"11":{"start":{"line":26,"column":16},"end":{"line":26,"column":79}},"12":{"start":{"line":28,"column":12},"end":{"line":28,"column":24}}},"fnMap":{"0":{"name":"(anonymous_0)","decl":{"start":{"line":5,"column":24},"end":{"line":5,"column":25}},"loc":{"start":{"line":5,"column":58},"end":{"line":31,"column":1}}},"1":{"name":"(anonymous_1)","decl":{"start":{"line":6,"column":11},"end":{"line":6,"column":16}},"loc":{"start":{"line":6,"column":69},"end":{"line":30,"column":5}}},"2":{"name":"(anonymous_2)","decl":{"start":{"line":22,"column":49},"end":{"line":22,"column":54}},"loc":{"start":{"line":22,"column":59},"end":{"line":25,"column":18}}}},"branchMap":{"0":{"loc":{"start":{"line":21,"column":12},"end":{"line":27,"column":13}},"type":"if","locations":[{"start":{"line":21,"column":12},"end":{"line":27,"column":13}},{"start":{},"end":{}}]}},"s":{"0":1,"1":13,"2":0,"3":0,"4":0,"5":0,"6":0,"7":0,"8":0,"9":0,"10":0,"11":0,"12":0},"f":{"0":13,"1":0,"2":0},"b":{"0":[0,0]}}
,"/Users/danielgimenezzaragoza/Desktop/PROYECTOO/backend/src/jobs/queue.ts": {"path":"/Users/danielgimenezzaragoza/Desktop/PROYECTOO/backend/src/jobs/queue.ts","statementMap":{"0":{"start":{"line":7,"column":19},"end":{"line":9,"column":2}},"1":{"start":{"line":11,"column":26},"end":{"line":19,"column":2}},"2":{"start":{"line":21,"column":27},"end":{"line":24,"column":2}},"3":{"start":{"line":25,"column":26},"end":{"line":28,"column":2}},"4":{"start":{"line":29,"column":27},"end":{"line":32,"column":2}},"5":{"start":{"line":33,"column":31},"end":{"line":36,"column":2}},"6":{"start":{"line":38,"column":28},"end":{"line":52,"column":1}},"7":{"start":{"line":39,"column":4},"end":{"line":51,"column":5}},"8":{"start":{"line":40,"column":20},"end":{"line":45,"column":10}},"9":{"start":{"line":46,"column":8},"end":{"line":46,"column":69}},"10":{"start":{"line":47,"column":8},"end":{"line":47,"column":19}},"11":{"start":{"line":49,"column":8},"end":{"line":49,"column":56}},"12":{"start":{"line":50,"column":8},"end":{"line":50,"column":20}},"13":{"start":{"line":54,"column":27},"end":{"line":68,"column":1}},"14":{"start":{"line":55,"column":4},"end":{"line":67,"column":5}},"15":{"start":{"line":56,"column":20},"end":{"line":61,"column":10}},"16":{"start":{"line":62,"column":8},"end":{"line":62,"column":58}},"17":{"start":{"line":63,"column":8},"end":{"line":63,"column":19}},"18":{"start":{"line":65,"column":8},"end":{"line":65,"column":55}},"19":{"start":{"line":66,"column":8},"end":{"line":66,"column":20}},"20":{"start":{"line":70,"column":30},"end":{"line":82,"column":1}},"21":{"start":{"line":71,"column":4},"end":{"line":81,"column":5}},"22":{"start":{"line":72,"column":8},"end":{"line":77,"column":11}},"23":{"start":{"line":78,"column":8},"end":{"line":78,"column":75}},"24":{"start":{"line":80,"column":8},"end":{"line":80,"column":62}}},"fnMap":{"0":{"name":"(anonymous_0)","decl":{"start":{"line":38,"column":28},"end":{"line":38,"column":33}},"loc":{"start":{"line":38,"column":73},"end":{"line":52,"column":1}}},"1":{"name":"(anonymous_1)","decl":{"start":{"line":54,"column":27},"end":{"line":54,"column":32}},"loc":{"start":{"line":54,"column":79},"end":{"line":68,"column":1}}},"2":{"name":"(anonymous_2)","decl":{"start":{"line":70,"column":30},"end":{"line":70,"column":35}},"loc":{"start":{"line":70,"column":41},"end":{"line":82,"column":1}}}},"branchMap":{"0":{"loc":{"start":{"line":7,"column":29},"end":{"line":7,"column":70}},"type":"binary-expr","locations":[{"start":{"line":7,"column":29},"end":{"line":7,"column":42}},{"start":{"line":7,"column":46},"end":{"line":7,"column":70}}]}},"s":{"0":1,"1":1,"2":1,"3":1,"4":1,"5":1,"6":1,"7":0,"8":0,"9":0,"10":0,"11":0,"12":0,"13":1,"14":0,"15":0,"16":0,"17":0,"18":0,"19":0,"20":1,"21":0,"22":0,"23":0,"24":0},"f":{"0":0,"1":0,"2":0},"b":{"0":[1,1]}}
,"/Users/danielgimenezzaragoza/Desktop/PROYECTOO/backend/src/modules/ai/ai.controller.ts": {"path":"/Users/danielgimenezzaragoza/Desktop/PROYECTOO/backend/src/modules/ai/ai.controller.ts","statementMap":{"0":{"start":{"line":7,"column":26},"end":{"line":21,"column":2}},"1":{"start":{"line":8,"column":21},"end":{"line":8,"column":39}},"2":{"start":{"line":9,"column":22},"end":{"line":9,"column":30}},"3":{"start":{"line":11,"column":4},"end":{"line":13,"column":5}},"4":{"start":{"line":12,"column":8},"end":{"line":12,"column":68}},"5":{"start":{"line":15,"column":4},"end":{"line":15,"column":55}},"6":{"start":{"line":16,"column":4},"end":{"line":16,"column":47}},"7":{"start":{"line":17,"column":4},"end":{"line":17,"column":46}},"8":{"start":{"line":18,"column":4},"end":{"line":18,"column":23}},"9":{"start":{"line":20,"column":4},"end":{"line":20,"column":61}},"10":{"start":{"line":23,"column":32},"end":{"line":41,"column":2}},"11":{"start":{"line":24,"column":21},"end":{"line":24,"column":39}},"12":{"start":{"line":25,"column":19},"end":{"line":25,"column":29}},"13":{"start":{"line":27,"column":27},"end":{"line":27,"column":85}},"14":{"start":{"line":28,"column":4},"end":{"line":30,"column":5}},"15":{"start":{"line":29,"column":8},"end":{"line":29,"column":101}},"16":{"start":{"line":32,"column":4},"end":{"line":40,"column":5}},"17":{"start":{"line":33,"column":26},"end":{"line":33,"column":94}},"18":{"start":{"line":34,"column":8},"end":{"line":34,"column":28}},"19":{"start":{"line":36,"column":8},"end":{"line":38,"column":9}},"20":{"start":{"line":37,"column":12},"end":{"line":37,"column":49}},"21":{"start":{"line":39,"column":8},"end":{"line":39,"column":18}},"22":{"start":{"line":43,"column":30},"end":{"line":59,"column":2}},"23":{"start":{"line":44,"column":22},"end":{"line":44,"column":48}},"24":{"start":{"line":45,"column":19},"end":{"line":45,"column":29}},"25":{"start":{"line":48,"column":22},"end":{"line":48,"column":80}},"26":{"start":{"line":49,"column":4},"end":{"line":51,"column":5}},"27":{"start":{"line":50,"column":8},"end":{"line":50,"column":102}},"28":{"start":{"line":53,"column":4},"end":{"line":53,"column":55}},"29":{"start":{"line":54,"column":4},"end":{"line":54,"column":47}},"30":{"start":{"line":55,"column":4},"end":{"line":55,"column":46}},"31":{"start":{"line":56,"column":4},"end":{"line":56,"column":23}},"32":{"start":{"line":58,"column":4},"end":{"line":58,"column":80}},"33":{"start":{"line":61,"column":30},"end":{"line":65,"column":2}},"34":{"start":{"line":62,"column":21},"end":{"line":62,"column":39}},"35":{"start":{"line":63,"column":19},"end":{"line":63,"column":59}},"36":{"start":{"line":64,"column":4},"end":{"line":64,"column":21}}},"fnMap":{"0":{"name":"(anonymous_0)","decl":{"start":{"line":7,"column":39},"end":{"line":7,"column":44}},"loc":{"start":{"line":7,"column":77},"end":{"line":21,"column":1}}},"1":{"name":"(anonymous_1)","decl":{"start":{"line":23,"column":45},"end":{"line":23,"column":50}},"loc":{"start":{"line":23,"column":83},"end":{"line":41,"column":1}}},"2":{"name":"(anonymous_2)","decl":{"start":{"line":43,"column":43},"end":{"line":43,"column":48}},"loc":{"start":{"line":43,"column":81},"end":{"line":59,"column":1}}},"3":{"name":"(anonymous_3)","decl":{"start":{"line":61,"column":43},"end":{"line":61,"column":48}},"loc":{"start":{"line":61,"column":81},"end":{"line":65,"column":1}}}},"branchMap":{"0":{"loc":{"start":{"line":11,"column":4},"end":{"line":13,"column":5}},"type":"if","locations":[{"start":{"line":11,"column":4},"end":{"line":13,"column":5}},{"start":{},"end":{}}]},"1":{"loc":{"start":{"line":28,"column":4},"end":{"line":30,"column":5}},"type":"if","locations":[{"start":{"line":28,"column":4},"end":{"line":30,"column":5}},{"start":{},"end":{}}]},"2":{"loc":{"start":{"line":36,"column":8},"end":{"line":38,"column":9}},"type":"if","locations":[{"start":{"line":36,"column":8},"end":{"line":38,"column":9}},{"start":{},"end":{}}]},"3":{"loc":{"start":{"line":49,"column":4},"end":{"line":51,"column":5}},"type":"if","locations":[{"start":{"line":49,"column":4},"end":{"line":51,"column":5}},{"start":{},"end":{}}]}},"s":{"0":1,"1":0,"2":0,"3":0,"4":0,"5":0,"6":0,"7":0,"8":0,"9":0,"10":1,"11":0,"12":0,"13":0,"14":0,"15":0,"16":0,"17":0,"18":0,"19":0,"20":0,"21":0,"22":1,"23":0,"24":0,"25":0,"26":0,"27":0,"28":0,"29":0,"30":0,"31":0,"32":0,"33":1,"34":0,"35":0,"36":0},"f":{"0":0,"1":0,"2":0,"3":0},"b":{"0":[0,0],"1":[0,0],"2":[0,0],"3":[0,0]}}
,"/Users/danielgimenezzaragoza/Desktop/PROYECTOO/backend/src/modules/ai/ai.routes.ts": {"path":"/Users/danielgimenezzaragoza/Desktop/PROYECTOO/backend/src/modules/ai/ai.routes.ts","statementMap":{"0":{"start":{"line":5,"column":15},"end":{"line":5,"column":23}},"1":{"start":{"line":7,"column":0},"end":{"line":7,"column":20}},"2":{"start":{"line":9,"column":0},"end":{"line":9,"column":49}},"3":{"start":{"line":10,"column":0},"end":{"line":10,"column":68}},"4":{"start":{"line":11,"column":0},"end":{"line":11,"column":61}},"5":{"start":{"line":12,"column":0},"end":{"line":12,"column":51}}},"fnMap":{},"branchMap":{},"s":{"0":1,"1":1,"2":1,"3":1,"4":1,"5":1},"f":{},"b":{}}
,"/Users/danielgimenezzaragoza/Desktop/PROYECTOO/backend/src/modules/ai/ai.service.ts": {"path":"/Users/danielgimenezzaragoza/Desktop/PROYECTOO/backend/src/modules/ai/ai.service.ts","statementMap":{"0":{"start":{"line":10,"column":23},"end":{"line":10,"column":49}},"1":{"start":{"line":11,"column":8},"end":{"line":14,"column":11}},"2":{"start":{"line":18,"column":28},"end":{"line":21,"column":10}},"3":{"start":{"line":23,"column":8},"end":{"line":23,"column":71}},"4":{"start":{"line":23,"column":26},"end":{"line":23,"column":71}},"5":{"start":{"line":26,"column":8},"end":{"line":29,"column":9}},"6":{"start":{"line":27,"column":12},"end":{"line":27,"column":82}},"7":{"start":{"line":28,"column":12},"end":{"line":28,"column":51}},"8":{"start":{"line":31,"column":23},"end":{"line":46,"column":11}},"9":{"start":{"line":48,"column":8},"end":{"line":66,"column":9}},"10":{"start":{"line":49,"column":30},"end":{"line":49,"column":95}},"11":{"start":{"line":51,"column":29},"end":{"line":55,"column":14}},"12":{"start":{"line":57,"column":27},"end":{"line":57,"column":82}},"13":{"start":{"line":58,"column":12},"end":{"line":62,"column":14}},"14":{"start":{"line":64,"column":12},"end":{"line":64,"column":89}},"15":{"start":{"line":65,"column":12},"end":{"line":65,"column":51}},"16":{"start":{"line":70,"column":8},"end":{"line":74,"column":9}},"17":{"start":{"line":71,"column":12},"end":{"line":71,"column":214}},"18":{"start":{"line":72,"column":12},"end":{"line":72,"column":22}},"19":{"start":{"line":73,"column":12},"end":{"line":73,"column":19}},"20":{"start":{"line":77,"column":56},"end":{"line":90,"column":10}},"21":{"start":{"line":92,"column":24},"end":{"line":97,"column":10}},"22":{"start":{"line":95,"column":84},"end":{"line":95,"column":169}},"23":{"start":{"line":96,"column":72},"end":{"line":96,"column":134}},"24":{"start":{"line":99,"column":23},"end":{"line":108,"column":10}},"25":{"start":{"line":110,"column":26},"end":{"line":110,"column":89}},"26":{"start":{"line":112,"column":8},"end":{"line":143,"column":9}},"27":{"start":{"line":113,"column":27},"end":{"line":117,"column":14}},"28":{"start":{"line":119,"column":12},"end":{"line":124,"column":13}},"29":{"start":{"line":120,"column":29},"end":{"line":120,"column":67}},"30":{"start":{"line":121,"column":16},"end":{"line":123,"column":17}},"31":{"start":{"line":122,"column":20},"end":{"line":122,"column":71}},"32":{
[...]
,"/Users/danielgimenezzaragoza/Desktop/PROYECTOO/backend/src/modules/webhooks/webhook.routes.ts": {"path":"/Users/danielgimenezzaragoza/Desktop/PROYECTOO/backend/src/modules/webhooks/webhook.routes.ts","statementMap":{"0":{"start":{"line":4,"column":15},"end":{"line":4,"column":23}},"1":{"start":{"line":7,"column":0},"end":{"line":7,"column":44}},"2":{"start":{"line":10,"column":0},"end":{"line":10,"column":46}}},"fnMap":{},"branchMap":{},"s":{"0":1,"1":1,"2":1},"f":{},"b":{}}
,"/Users/danielgimenezzaragoza/Desktop/PROYECTOO/backend/src/repositories/base.repository.ts": {"path":"/Users/danielgimenezzaragoza/Desktop/PROYECTOO/backend/src/repositories/base.repository.ts","statementMap":{"0":{"start":{"line":24,"column":26},"end":{"line":24,"column":36}},"1":{"start":{"line":25,"column":8},"end":{"line":25,"column":30}},"2":{"start":{"line":29,"column":93},"end":{"line":29,"column":100}},"3":{"start":{"line":31,"column":32},"end":{"line":34,"column":10}},"4":{"start":{"line":36,"column":33},"end":{"line":36,"column":131}},"5":{"start":{"line":37,"column":26},"end":{"line":37,"column":54}},"6":{"start":{"line":39,"column":8},"end":{"line":41,"column":9}},"7":{"start":{"line":40,"column":12},"end":{"line":40,"column":41}},"8":{"start":{"line":43,"column":8},"end":{"line":50,"column":11}},"9":{"start":{"line":54,"column":27},"end":{"line":54,"column":54}},"10":{"start":{"line":56,"column":33},"end":{"line":56,"column":131}},"11":{"start":{"line":57,"column":26},"end":{"line":57,"column":54}},"12":{"start":{"line":59,"column":8},"end":{"line":61,"column":9}},"13":{"start":{"line":60,"column":12},"end":{"line":60,"column":36}},"14":{"start":{"line":62,"column":8},"end":{"line":62,"column":53}},"15":{"start":{"line":66,"column":23},"end":{"line":66,"column":56}},"16":{"start":{"line":67,"column":20},"end":{"line":67,"column":43}},"17":{"start":{"line":70,"column":8},"end":{"line":74,"column":11}},"18":{"start":{"line":77,"column":8},"end":{"line":84,"column":11}},"19":{"start":{"line":86,"column":8},"end":{"line":86,"column":22}},"20":{"start":{"line":90,"column":23},"end":{"line":93,"column":10}},"21":{"start":{"line":94,"column":20},"end":{"line":94,"column":43}},"22":{"start":{"line":97,"column":8},"end":{"line":101,"column":11}},"23":{"start":{"line":104,"column":8},"end":{"line":111,"column":11}},"24":{"start":{"line":113,"column":8},"end":{"line":113,"column":22}},"25":{"start":{"line":117,"column":33},"end":{"line":117,"column":131}},"26":{"start":{"line":118,"column":26},"end":{"line":118,"column":54}},"27":{"start":{"line":119,"column":20},"end":{"line":119,"column":43}},"28":{"start":{"line":122,"column":8},"end":{"line":131,"column":9}},"29":{"start":{"line":123,"column":12},"end":{"line":125,"column":15}},"30":{"start":{"line":127,"column":12},"end":{"line":130,"column":15}},"31":{"start":{"line":134,"column":8},"end":{"line":138,"column":11}},"32":{"start":{"line":141,"column":8},"end":{"line":147,"column":11}},"33":{"start":{"line":149,"column":8},"end":{"line":149,"column":22}},"34":{"start":{"line":153,"column":55},"end":{"line":153,"column":62}},"35":{"start":{"line":154,"column":27},"end":{"line":157,"column":10}},"36":{"start":{"line":159,"column":33},"end":{"line":159,"column":77}},"37":{"start":{"line":160,"column":26},"end":{"line":160,"column":62}},"38":{"start":{"line":162,"column":8},"end":{"line":164,"column":9}},"39":{"start":{"line":163,"column":12},"end":{"line":163,"column":41}},"40":{"start":{"line":166,"column":8},"end":{"line":168,"column":11}}},"fnMap":{"0":{"name":"(anonymous_0)","decl":{"start":{"line":24,"column":4},"end":{"line":24,"column":26}},"loc":{"start":{"line":24,"column":50},"end":{"line":26,"column":5}}},"1":{"name":"(anonymous_1)","decl":{"start":{"line":28,"column":4},"end":{"line":28,"column":9}},"loc":{"start":{"line":28,"column":169},"end":{"line":51,"column":5}}},"2":{"name":"(anonymous_2)","decl":{"start":{"line":53,"column":4},"end":{"line":53,"column":9}},"loc":{"start":{"line":53,"column":73},"end":{"line":63,"column":5}}},"3":{"name":"(anonymous_3)","decl":{"start":{"line":65,"column":4},"end":{"line":65,"column":9}},"loc":{"start":{"line":65,"column":26},"end":{"line":87,"column":5}}},"4":{"name":"(anonymous_4)","decl":{"start":{"line":89,"column":4},"end":{"line":89,"column":9}},"loc":{"start":{"line":89,"column":56},"end":{"line":114,"column":5}}},"5":{"name":"(anonymous_5)","decl":{"start":{"line":116,"column":4},"end":{"line":116,"column":9}},"loc":{"start":{"line":116,"column":65},"end":{"line":150,"column":5}}},"6":{"name":"(anonymous_6)","decl":{"start":{"line":152,"column":4},"end":{"line":152,"column":9}},"loc":{"start":{"line":152,"column":89},"end":{"line":169,"column":5}}}},"branchMap":{"0":{"loc":{"start":{"line":28,"column":37},"end":{"line":28,"column":169}},"type":"default-arg","locations":[{"start":{"line":28,"column":167},"end":{"line":28,"column":169}}]},"1":{"loc":{"start":{"line":29,"column":16},"end":{"line":29,"column":26}},"type":"default-arg","locations":[{"start":{"line":29,"column":24},"end":{"line":29,"column":26}}]},"2":{"loc":{"start":{"line":29,"column":66},"end":{"line":29,"column":88}},"type":"default-arg","locations":[{"start":{"line":29,"column":83},"end":{"line":29,"column":88}}]},"3":{"loc":{"start":{"line":39,"column":8},"end":{"line":41,"column":9}},"type":"if","locations":[{"start":{"line":39,"column":8},"end":{"line":41,"column":9}},{"start":{},"end":{}}]},"4":{"loc":{"start":{"line":39,"column":12},"end":{"line":39,"column":67}},"type":"binary-expr","locations":[{"start":{"line":39,"column":12},"end":{"line":39,"column":27}},{"start":{"line":39,"column":31},"end":{"line":39,"column":67}}]},"5":{"loc":{"start":{"line":47,"column":20},"end":{"line":47,"column":55}},"type":"cond-expr","locations":[{"start":{"line":47,"column":29},"end":{"line":47,"column":43}},{"start":{"line":47,"column":46},"end":{"line":47,"column":55}}]},"6":{"loc":{"start":{"line":53,"column":51},"end":{"line":53,"column":73}},"type":"default-arg","locations":[{"start":{"line":53,"column":68},"end":{"line":53,"column":73}}]},"7":{"loc":{"start":{"line":59,"column":8},"end":{"line":61,"column":9}},"type":"if","locations":[{"start":{"line":59,"column":8},"end":{"line":61,"column":9}},{"start":{},"end":{}}]},"8":{"loc":{"start":{"line":59,"column":12},"end":{"line":59,"column":67}},"type":"binary-expr","locations":[{"start":{"line":59,"column":12},"end":{"line":59,"column":27}},{"start":{"line":59,"column":31},"end":{"line":59,"column":67}}]},"9":{"loc":{"start":{"line":116,"column":47},"end":{"line":116,"column":65}},"type":"default-arg","locations":[{"start":{"line":116,"column":60},"end":{"line":116,"column":65}}]},"10":{"loc":{"start":{"line":122,"column":8},"end":{"line":131,"column":9}},"type":"if","locations":[{"start":{"line":122,"column":8},"end":{"line":131,"column":9}},{"start":{"line":126,"column":15},"end":{"line":131,"column":9}}]},"11":{"loc":{"start":{"line":122,"column":12},"end":{"line":122,"column":63}},"type":"binary-expr","locations":[{"start":{"line":122,"column":12},"end":{"line":122,"column":22}},{"start":{"line":122,"column":26},"end":{"line":122,"column":63}}]},"12":{"loc":{"start":{"line":152,"column":34},"end":{"line":152,"column":89}},"type":"default-arg","locations":[{"start":{"line":152,"column":87},"end":{"line":152,"column":89}}]},"13":{"loc":{"start":{"line":153,"column":16},"end":{"line":153,"column":26}},"type":"default-arg","locations":[{"start":{"line":153,"column":24},"end":{"line":153,"column":26}}]},"14":{"loc":{"start":{"line":153,"column":28},"end":{"line":153,"column":50}},"type":"default-arg","locations":[{"start":{"line":153,"column":45},"end":{"line":153,"column":50}}]},"15":{"loc":{"start":{"line":160,"column":26},"end":{"line":160,"column":62}},"type":"binary-expr","locations":[{"start":{"line":160,"column":26},"end":{"line":160,"column":56}},{"start":{"line":160,"column":60},"end":{"line":160,"column":62}}]},"16":{"loc":{"start":{"line":162,"column":8},"end":{"line":164,"column":9}},"type":"if","locations":[{"start":{"line":162,"column":8},"end":{"line":164,"column":9}},{"start":{},"end":{}}]},"17":{"loc":{"start":{"line":162,"column":12},"end":{"line":162,"column":67}},"type":"binary-expr","locations":[{"start":{"line":162,"column":12},"end":{"line":162,"column":27}},{"start":{"line":162,"column":31},"end":{"line":162,"column":67}}]}},"s":{"0":3,"1":3,"2":0,"3":0,"4":0,"5":0,"6":0,"7":0,"8":0,"9":0,"10":0,"11":0,"12":0,"13":0,"14":0,"15":0,"16":0,"17":0,"18":0,"19":0,"20":0,"21":0,"22":0,"23":0,"24":0,"25":0,"26":0,"27":0,"28":0,"29":0,"30":0,"31":0,"32":0,"33":0,"34":0,"35":0,"36":0,"37":0,"38":0,"39":0,"40":0},"f":{"0":3,"1":0,"2":0,"3":0,"4":0,"5":0,"6":0},"b":{"0":[0],"1":[0],"2":[0],"3":[0,0],"4":[0,0],"5":[0,0],"6":[0],"7":[0,0],"8":[0,0],"9":[0],"10":[0,0],"11":[0,0],"12":[0],"13":[0],"14":[0],"15":[0,0],"16":[0,0],"17":[0,0]}}
,"/Users/danielgimenezzaragoza/Desktop/PROYECTOO/backend/src/repositories/client.repository.ts": {"path":"/Users/danielgimenezzaragoza/Desktop/PROYECTOO/backend/src/repositories/client.repository.ts","statementMap":{"0":{"start":{"line":7,"column":8},"end":{"line":7,"column":39}},"1":{"start":{"line":11,"column":52},"end":{"line":11,"column":59}},"2":{"start":{"line":13,"column":47},"end":{"line":22,"column":10}},"3":{"start":{"line":24,"column":8},"end":{"line":29,"column":11}},"4":{"start":{"line":33,"column":47},"end":{"line":42,"column":10}},"5":{"start":{"line":43,"column":8},"end":{"line":43,"column":53}},"6":{"start":{"line":47,"column":8},"end":{"line":50,"column":11}},"7":{"start":{"line":54,"column":32},"end":{"line":54,"column":54}}},"fnMap":{"0":{"name":"(anonymous_0)","decl":{"start":{"line":6,"column":4},"end":{"line":6,"column":null}},"loc":{"start":{"line":6,"column":4},"end":{"line":8,"column":5}}},"1":{"name":"(anonymous_1)","decl":{"start":{"line":10,"column":4},"end":{"line":10,"column":9}},"loc":{"start":{"line":10,"column":103},"end":{"line":30,"column":5}}},"2":{"name":"(anonymous_2)","decl":{"start":{"line":32,"column":4},"end":{"line":32,"column":9}},"loc":{"start":{"line":32,"column":51},"end":{"line":44,"column":5}}},"3":{"name":"(anonymous_3)","decl":{"start":{"line":46,"column":4},"end":{"line":46,"column":9}},"loc":{"start":{"line":46,"column":62},"end":{"line":51,"column":5}}}},"branchMap":{"0":{"loc":{"start":{"line":11,"column":24},"end":{"line":11,"column":34}},"type":"default-arg","locations":[{"start":{"line":11,"column":32},"end":{"line":11,"column":34}}]},"1":{"loc":{"start":{"line":11,"column":36},"end":{"line":11,"column":47}},"type":"default-arg","locations":[{"start":{"line":11,"column":45},"end":{"line":11,"column":47}}]},"2":{"loc":{"start":{"line":15,"column":16},"end":{"line":21,"column":14}},"type":"binary-expr","locations":[{"start":{"line":15,"column":16},"end":{"line":15,"column":22}},{"start":{"line":15,"column":26},"end":{"line":21,"column":14}}]},"3":{"loc":{"start":{"line":32,"column":40},"end":{"line":32,"column":51}},"type":"default-arg","locations":[{"start":{"line":32,"column":49},"end":{"line":32,"column":51}}]},"4":{"loc":{"start":{"line":35,"column":16},"end":{"line":41,"column":14}},"type":"binary-expr","locations":[{"start":{"line":35,"column":16},"end":{"line":35,"column":22}},{"start":{"line":35,"column":26},"end":{"line":41,"column":14}}]}},"s":{"0":1,"1":0,"2":0,"3":0,"4":0,"5":0,"6":0,"7":1},"f":{"0":1,"1":0,"2":0,"3":0},"b":{"0":[0],"1":[0],"2":[0,0],"3":[0],"4":[0,0]}}
,"/Users/danielgimenezzaragoza/Desktop/PROYECTOO/backend/src/repositories/opportunity.repository.ts": {"path":"/Users/danielgimenezzaragoza/Desktop/PROYECTOO/backend/src/repositories/opportunity.repository.ts","statementMap":{"0":{"start":{"line":7,"column":8},"end":{"line":7,"column":49}},"1":{"start":{"line":11,"column":52},"end":{"line":11,"column":59}},"2":{"start":{"line":13,"column":52},"end":{"line":22,"column":10}},"3":{"start":{"line":24,"column":8},"end":{"line":34,"column":11}},"4":{"start":{"line":38,"column":52},"end":{"line":47,"column":10}},"5":{"start":{"line":48,"column":8},"end":{"line":48,"column":53}},"6":{"start":{"line":52,"column":37},"end":{"line":52,"column":64}}},"fnMap":{"0":{"name":"(anonymous_0)","decl":{"start":{"line":6,"column":4},"end":{"line":6,"column":null}},"loc":{"start":{"line":6,"column":4},"end":{"line":8,"column":5}}},"1":{"name":"(anonymous_1)","decl":{"start":{"line":10,"column":4},"end":{"line":10,"column":9}},"loc":{"start":{"line":10,"column":103},"end":{"line":35,"column":5}}},"2":{"name":"(anonymous_2)","decl":{"start":{"line":37,"column":4},"end":{"line":37,"column":9}},"loc":{"start":{"line":37,"column":51},"end":{"line":49,"column":5}}}},"branchMap":{"0":{"loc":{"start":{"line":11,"column":24},"end":{"line":11,"column":34}},"type":"default-arg","locations":[{"start":{"line":11,"column":32},"end":{"line":11,"column":34}}]},"1":{"loc":{"start":{"line":11,"column":36},"end":{"line":11,"column":47}},"type":"default-arg","locations":[{"start":{"line":11,"column":45},"end":{"line":11,"column":47}}]},"2":{"loc":{"start":{"line":15,"column":16},"end":{"line":21,"column":14}},"type":"binary-expr","locations":[{"start":{"line":15,"column":16},"end":{"line":15,"column":22}},{"start":{"line":15,"column":26},"end":{"line":21,"column":14}}]},"3":{"loc":{"start":{"line":37,"column":40},"end":{"line":37,"column":51}},"type":"default-arg","locations":[{"start":{"line":37,"column":49},"end":{"line":37,"column":51}}]},"4":{"loc":{"start":{"line":40,"column":16},"end":{"line":46,"column":14}},"type":"binary-expr","locations":[{"start":{"line":40,"column":16},"end":{"line":40,"column":22}},{"start":{"line":40,"column":26},"end":{"line":46,"column":14}}]}},"s":{"0":1,"1":0,"2":0,"3":0,"4":0,"5":0,"6":1},"f":{"0":1,"1":0,"2":0},"b":{"0":[0],"1":[0],"2":[0,0],"3":[0],"4":[0,0]}}
,"/Users/danielgimenezzaragoza/Desktop/PROYECTOO/backend/src/repositories/task.repository.ts": {"path":"/Users/danielgimenezzaragoza/Desktop/PROYECTOO/backend/src/repositories/task.repository.ts","statementMap":{"0":{"start":{"line":7,"column":8},"end":{"line":7,"column":35}},"1":{"start":{"line":11,"column":52},"end":{"line":11,"column":59}},"2":{"start":{"line":13,"column":45},"end":{"line":20,"column":10}},"3":{"start":{"line":22,"column":8},"end":{"line":32,"column":11}},"4":{"start":{"line":36,"column":45},"end":{"line":43,"column":10}},"5":{"start":{"line":44,"column":8},"end":{"line":44,"column":53}},"6":{"start":{"line":48,"column":30},"end":{"line":48,"column":50}}},"fnMap":{"0":{"name":"(anonymous_0)","decl":{"start":{"line":6,"column":4},"end":{"line":6,"column":null}},"loc":{"start":{"line":6,"column":4},"end":{"line":8,"column":5}}},"1":{"name":"(anonymous_1)","decl":{"start":{"line":10,"column":4},"end":{"line":10,"column":9}},"loc":{"start":{"line":10,"column":103},"end":{"line":33,"column":5}}},"2":{"name":"(anonymous_2)","decl":{"start":{"line":35,"column":4},"end":{"line":35,"column":9}},"loc":{"start":{"line":35,"column":51},"end":{"line":45,"column":5}}}},"branchMap":{"0":{"loc":{"start":{"line":11,"column":24},"end":{"line":11,"column":34}},"type":"default-arg","locations":[{"start":{"line":11,"column":32},"end":{"line":11,"column":34}}]},"1":{"loc":{"start":{"line":11,"column":36},"end":{"line":11,"column":47}},"type":"default-arg","locations":[{"start":{"line":11,"column":45},"end":{"line":11,"column":47}}]},"2":{"loc":{"start":{"line":15,"column":16},"end":{"line":19,"column":14}},"type":"binary-expr","locations":[{"start":{"line":15,"column":16},"end":{"line":15,"column":22}},{"start":{"line":15,"column":26},"end":{"line":19,"column":14}}]},"3":{"loc":{"start":{"line":35,"column":40},"end":{"line":35,"column":51}},"type":"default-arg","locations":[{"start":{"line":35,"column":49},"end":{"line":35,"column":51}}]},"4":{"loc":{"start":{"line":38,"column":16},"end":{"line":42,"column":14}},"type":"binary-expr","locations":[{"start":{"line":38,"column":16},"end":{"line":38,"column":22}},{"start":{"line":38,"column":26},"end":{"line":42,"column":14}}]}},"s":{"0":1,"1":0,"2":0,"3":0,"4":0,"5":0,"6":1},"f":{"0":1,"1":0,"2":0},"b":{"0":[0],"1":[0],"2":[0,0],"3":[0],"4":[0,0]}}
,"/Users/danielgimenezzaragoza/Desktop/PROYECTOO/backend/src/utils/AppError.ts": {"path":"/Users/danielgimenezzaragoza/Desktop/PROYECTOO/backend/src/utils/AppError.ts","statementMap":{"0":{"start":{"line":8,"column":8},"end":{"line":8,"column":23}},"1":{"start":{"line":9,"column":8},"end":{"line":9,"column":37}},"2":{"start":{"line":10,"column":8},"end":{"line":10,"column":73}},"3":{"start":{"line":11,"column":8},"end":{"line":11,"column":34}},"4":{"start":{"line":12,"column":8},"end":{"line":12,"column":31}},"5":{"start":{"line":14,"column":8},"end":{"line":14,"column":56}}},"fnMap":{"0":{"name":"(anonymous_0)","decl":{"start":{"line":7,"column":4},"end":{"line":7,"column":16}},"loc":{"start":{"line":7,"column":66},"end":{"line":15,"column":5}}}},"branchMap":{"0":{"loc":{"start":{"line":10,"column":22},"end":{"line":10,"column":72}},"type":"cond-expr","locations":[{"start":{"line":10,"column":56},"end":{"line":10,"column":62}},{"start":{"line":10,"column":65},"end":{"line":10,"column":72}}]}},"s":{"0":1,"1":1,"2":1,"3":1,"4":1,"5":1},"f":{"0":1},"b":{"0":[1,0]}}
,"/Users/danielgimenezzaragoza/Desktop/PROYECTOO/backend/src/utils/asyncHandler.ts": {"path":"/Users/danielgimenezzaragoza/Desktop/PROYECTOO/backend/src/utils/asyncHandler.ts","statementMap":{"0":{"start":{"line":3,"column":28},"end":{"line":6,"column":5}},"1":{"start":{"line":4,"column":4},"end":{"line":6,"column":5}},"2":{"start":{"line":5,"column":8},"end":{"line":5,"column":56}}},"fnMap":{"0":{"name":"(anonymous_0)","decl":{"start":{"line":3,"column":28},"end":{"line":3,"column":29}},"loc":{"start":{"line":4,"column":4},"end":{"line":6,"column":5}}},"1":{"name":"(anonymous_1)","decl":{"start":{"line":4,"column":4},"end":{"line":4,"column":5}},"loc":{"start":{"line":4,"column":56},"end":{"line":6,"column":5}}}},"branchMap":{},"s":{"0":1,"1":55,"2":1},"f":{"0":55,"1":1},"b":{}}
,"/Users/danielgimenezzaragoza/Desktop/PROYECTOO/backend/src/utils/logger.ts": {"path":"/Users/danielgimenezzaragoza/Desktop/PROYECTOO/backend/src/utils/logger.ts","statementMap":{"0":{"start":{"line":3,"column":22},"end":{"line":11,"column":2}}},"fnMap":{},"branchMap":{"0":{"loc":{"start":{"line":4,"column":11},"end":{"line":4,"column":42}},"type":"binary-expr","locations":[{"start":{"line":4,"column":11},"end":{"line":4,"column":32}},{"start":{"line":4,"column":36},"end":{"line":4,"column":42}}]},"1":{"loc":{"start":{"line":5,"column":15},"end":{"line":10,"column":17}},"type":"cond-expr","locations":[{"start":{"line":5,"column":56},"end":{"line":10,"column":6}},{"start":{"line":10,"column":8},"end":{"line":10,"column":17}}]}},"s":{"0":2},"f":{},"b":{"0":[2,2],"1":[0,2]}}
}
