TN:
SF:src/app.ts
FN:75,(anonymous_0)
FN:101,(anonymous_1)
FN:104,(anonymous_2)
FN:119,(anonymous_3)
FN:120,(anonymous_4)
FN:131,(anonymous_5)
FN:138,(anonymous_6)
FN:190,(anonymous_7)
FN:213,(anonymous_8)
FN:230,(anonymous_9)
FNF:10
FNH:7
FNDA:2,(anonymous_0)
FNDA:0,(anonymous_1)
FNDA:2,(anonymous_2)
FNDA:0,(anonymous_3)
FNDA:2,(anonymous_4)
FNDA:2,(anonymous_5)
FNDA:1,(anonymous_6)
FNDA:0,(anonymous_7)
FNDA:1,(anonymous_8)
FNDA:1,(anonymous_9)
DA:42,1
DA:43,1
DA:46,1
DA:60,1
DA:61,1
DA:64,1
DA:74,1
DA:76,2
DA:77,2
DA:78,2
DA:80,2
DA:81,2
DA:83,0
DA:84,0
DA:95,1
DA:98,1
DA:102,0
DA:105,2
DA:116,1
DA:119,0
DA:121,2
DA:122,2
DA:126,1
DA:128,1
DA:131,1
DA:133,2
DA:134,1
DA:137,1
DA:138,1
DA:140,1
DA:141,1
DA:148,1
DA:152,1
DA:169,1
DA:170,1
DA:173,1
DA:174,1
DA:176,1
DA:186,1
DA:190,1
DA:191,0
DA:192,0
DA:205,1
DA:208,1
DA:211,1
DA:214,1
DA:215,1
DA:217,0
DA:218,0
DA:219,0
DA:220,0
DA:221,0
DA:223,0
DA:226,0
DA:227,0
DA:231,1
DA:232,0
DA:234,1
DA:242,1
DA:244,1
DA:245,1
DA:246,1
DA:247,1
DA:248,1
DA:249,1
DA:250,1
DA:251,1
DA:252,1
DA:253,1
DA:254,1
DA:255,1
DA:256,1
DA:257,1
DA:258,1
DA:259,1
DA:262,1
LF:76
LH:61
BRDA:43,0,0,1
BRDA:43,0,1,0
BRDA:76,1,0,2
BRDA:76,1,1,0
BRDA:77,2,0,2
BRDA:77,2,1,0
BRDA:77,2,2,0
BRDA:78,3,0,2
BRDA:78,3,1,0
BRDA:78,3,2,0
BRDA:80,4,0,2
BRDA:80,4,1,0
BRDA:99,5,0,0
BRDA:99,5,1,1
BRDA:102,6,0,0
BRDA:102,6,1,0
BRDA:106,7,0,2
BRDA:106,7,1,2
BRDA:107,8,0,2
BRDA:107,8,1,2
BRDA:119,9,0,0
BRDA:119,9,1,0
BRDA:121,10,0,2
BRDA:121,10,1,0
BRDA:122,11,0,2
BRDA:122,11,1,2
BRDA:122,11,2,2
BRDA:133,12,0,1
BRDA:133,12,1,1
BRDA:133,13,0,2
BRDA:133,13,1,2
BRDA:140,14,0,0
BRDA:140,14,1,1
BRDA:143,15,0,1
BRDA:143,15,1,0
BRDA:215,16,0,1
BRDA:215,16,1,0
BRDA:219,17,0,0
BRDA:219,17,1,0
BRDA:219,17,2,0
BRDA:219,17,3,0
BRDA:231,18,0,0
BRDA:231,18,1,1
BRDA:234,19,0,1
BRDA:234,19,1,0
BRF:45
BRH:23
end_of_record
TN:
SF:src/auth.ts
FN:17,(anonymous_0)
FN:21,(anonymous_1)
FN:25,(anonymous_2)
FN:30,(anonymous_3)
FN:35,(anonymous_4)
FN:40,(anonymous_5)
FN:46,(anonymous_6)
FNF:7
FNH:0
FNDA:0,(anonymous_0)
FNDA:0,(anonymous_1)
FNDA:0,(anonymous_2)
FNDA:0,(anonymous_3)
FNDA:0,(anonymous_4)
FNDA:0,(anonymous_5)
FNDA:0,(anonymous_6)
DA:7,1
DA:8,1
DA:9,0
DA:10,0
DA:12,0
DA:14,1
DA:17,1
DA:18,0
DA:21,1
DA:22,0
DA:25,1
DA:26,0
DA:27,0
DA:30,1
DA:31,0
DA:32,0
DA:35,1
DA:36,0
DA:40,1
DA:41,0
DA:42,0
DA:44,0
DA:46,0
DA:47,0
DA:49,0
DA:50,0
LF:26
LH:9
BRDA:8,0,0,0
BRDA:8,0,1,1
BRDA:9,1,0,0
BRDA:9,1,1,0
BRDA:14,2,0,1
BRDA:14,2,1,0
BRDA:42,3,0,0
BRDA:42,3,1,0
BRDA:44,4,0,0
BRDA:44,4,1,0
BRDA:47,5,0,0
BRDA:47,5,1,0
BRF:12
BRH:2
end_of_record
TN:
SF:src/env.ts
FN:43,(anonymous_0)
FNF:1
FNH:0
FNDA:0,(anonymous_0)
DA:4,1
DA:6,1
DA:39,1
DA:41,1
DA:42,0
DA:43,0
DA:44,0
DA:46,0
DA:49,1
LF:9
LH:5
BRDA:41,0,0,0
BRDA:41,0,1,1
BRF:2
BRH:1
end_of_record
TN:
SF:src/core/context.ts
FNF:0
FNH:0
DA:3,2
LF:1
LH:1
BRF:0
BRH:0
end_of_record
TN:
SF:src/core/events.ts
FN:15,(anonymous_0)
FNF:1
FNH:0
FNDA:0,(anonymous_0)
DA:2,1
DA:5,1
DA:14,1
DA:15,0
DA:16,0
LF:5
LH:3
BRDA:14,0,0,0
BRDA:14,0,1,1
BRF:2
BRH:1
end_of_record
TN:
SF:src/core/metrics.ts
FN:51,(anonymous_0)
FN:55,(anonymous_1)
FNF:2
FNH:0
FNDA:0,(anonymous_0)
FNDA:0,(anonymous_1)
DA:4,2
DA:7,2
DA:12,2
DA:19,2
DA:29,2
DA:36,2
DA:43,2
DA:51,2
DA:52,0
DA:55,2
DA:56,0
LF:11
LH:9
BRF:0
BRH:0
end_of_record
TN:
SF:src/core/prisma.ts
FN:16,(anonymous_0)
FN:59,(anonymous_1)
FN:103,(anonymous_2)
FN:144,(anonymous_3)
FN:153,(anonymous_4)
FN:162,(anonymous_5)
FN:171,(anonymous_6)
FN:180,(anonymous_7)
FN:189,(anonymous_8)
FN:205,(anonymous_9)
FNF:10
FNH:6
FNDA:0,(anonymous_0)
FNDA:1,(anonymous_1)
FNDA:0,(anonymous_2)
FNDA:3,(anonymous_3)
FNDA:1,(anonymous_4)
FNDA:0,(anonymous_5)
FNDA:1,(anonymous_6)
FNDA:2,(anonymous_7)
FNDA:3,(anonymous_8)
FNDA:0,(anonymous_9)
DA:5,2
DA:10,2
DA:12,2
DA:17,0
DA:18,0
DA:19,0
DA:20,0
DA:21,0
DA:26,0
DA:29,0
DA:30,0
DA:31,0
DA:32,0
DA:47,0
DA:48,0
DA:49,0
DA:50,0
DA:51,0
DA:55,0
DA:60,1
DA:61,1
DA:62,1
DA:63,1
DA:67,1
DA:70,0
DA:71,0
DA:72,0
DA:73,0
DA:91,0
DA:92,0
DA:93,0
DA:94,0
DA:95,0
DA:99,0
DA:104,0
DA:105,0
DA:106,0
DA:107,0
DA:111,0
DA:114,0
DA:115,0
DA:116,0
DA:117,0
DA:132,0
DA:133,0
DA:134,0
DA:135,0
DA:136,0
DA:140,0
DA:145,3
DA:146,3
DA:147,3
DA:148,3
DA:151,3
DA:154,1
DA:155,1
DA:156,1
DA:157,1
DA:160,1
DA:163,0
DA:164,0
DA:165,0
DA:166,0
DA:169,0
DA:172,1
DA:173,1
DA:174,1
DA:175,1
DA:178,1
DA:181,2
DA:182,2
DA:183,2
DA:184,2
DA:187,2
DA:190,3
DA:191,3
DA:192,3
DA:194,2
DA:203,3
DA:206,0
DA:207,0
DA:208,0
DA:209,0
DA:218,0
LF:84
LH:33
BRDA:6,0,0,0
BRDA:6,0,1,2
BRDA:17,1,0,0
BRDA:17,1,1,0
BRDA:17,2,0,0
BRDA:17,2,1,0
BRDA:19,3,0,0
BRDA:19,3,1,0
BRDA:19,4,0,0
BRDA:19,4,1,0
BRDA:20,5,0,0
BRDA:20,5,1,0
BRDA:29,6,0,0
BRDA:29,6,1,0
BRDA:31,7,0,0
BRDA:31,7,1,0
BRDA:38,8,0,0
BRDA:38,8,1,0
BRDA:39,9,0,0
BRDA:39,9,1,0
BRDA:39,9,2,0
BRDA:47,10,0,0
BRDA:47,10,1,0
BRDA:49,11,0,0
BRDA:49,11,1,0
BRDA:50,12,0,0
BRDA:50,12,1,0
BRDA:60,13,0,1
BRDA:60,13,1,0
BRDA:62,14,0,1
BRDA:62,14,1,0
BRDA:62,15,0,1
BRDA:62,15,1,1
BRDA:70,16,0,0
BRDA:70,16,1,0
BRDA:72,17,0,0
BRDA:72,17,1,0
BRDA:79,18,0,0
BRDA:79,18,1,0
BRDA:80,19,0,0
BRDA:80,19,1,0
BRDA:80,19,2,0
BRDA:91,20,0,0
BRDA:91,20,1,0
BRDA:93,21,0,0
BRDA:93,21,1,0
BRDA:94,22,0,0
BRDA:94,22,1,0
BRDA:104,23,0,0
BRDA:104,23,1,0
BRDA:106,24,0,0
BRDA:106,24,1,0
BRDA:106,25,0,0
BRDA:106,25,1,0
BRDA:114,26,0,0
BRDA:114,26,1,0
BRDA:116,27,0,0
BRDA:116,27,1,0
BRDA:123,28,0,0
BRDA:123,28,1,0
BRDA:124,29,0,0
BRDA:124,29,1,0
BRDA:124,29,2,0
BRDA:132,30,0,0
BRDA:132,30,1,0
BRDA:134,31,0,0
BRDA:134,31,1,0
BRDA:135,32,0,0
BRDA:135,32,1,0
BRDA:145,33,0,3
BRDA:145,33,1,0
BRDA:147,34,0,3
BRDA:147,34,1,0
BRDA:147,35,0,3
BRDA:147,35,1,3
BRDA:154,36,0,1
BRDA:154,36,1,0
BRDA:156,37,0,1
BRDA:156,37,1,0
BRDA:156,38,0,1
BRDA:156,38,1,1
BRDA:163,39,0,0
BRDA:163,39,1,0
BRDA:165,40,0,0
BRDA:165,40,1,0
BRDA:165,41,0,0
BRDA:165,41,1,0
BRDA:172,42,0,1
BRDA:172,42,1,0
BRDA:174,43,0,1
BRDA:174,43,1,0
BRDA:174,44,0,1
BRDA:174,44,1,1
BRDA:181,45,0,2
BRDA:181,45,1,0
BRDA:183,46,0,2
BRDA:183,46,1,0
BRDA:183,47,0,2
BRDA:183,47,1,2
BRDA:190,48,0,3
BRDA:190,48,1,0
BRDA:192,49,0,2
BRDA:192,49,1,1
BRDA:192,50,0,3
BRDA:192,50,1,3
BRDA:206,51,0,0
BRDA:206,51,1,0
BRDA:208,52,0,0
BRDA:208,52,1,0
BRDA:208,53,0,0
BRDA:208,53,1,0
BRF:111
BRH:26
end_of_record
TN:
SF:src/core/redis.ts
FN:10,(anonymous_0)
FN:13,(anonymous_1)
FN:17,(anonymous_2)
FN:23,(anonymous_3)
FN:31,(anonymous_4)
FN:38,(anonymous_5)
FN:49,(anonymous_6)
FN:69,(anonymous_7)
FN:74,(anonymous_8)
FN:81,(anonymous_9)
FN:86,(anonymous_10)
FN:92,(anonymous_11)
FNF:12
FNH:2
FNDA:2,(anonymous_0)
FNDA:0,(anonymous_1)
FNDA:0,(anonymous_2)
FNDA:0,(anonymous_3)
FNDA:0,(anonymous_4)
FNDA:0,(anonymous_5)
FNDA:0,(anonymous_6)
FNDA:0,(anonymous_7)
FNDA:1,(anonymous_8)
FNDA:0,(anonymous_9)
FNDA:0,(anonymous_10)
FNDA:0,(anonymous_11)
DA:5,2
DA:11,2
DA:13,2
DA:16,2
DA:17,0
DA:18,0
DA:24,0
DA:25,0
DA:28,0
DA:29,0
DA:30,0
DA:31,0
DA:32,0
DA:33,0
DA:34,0
DA:37,0
DA:38,0
DA:39,0
DA:40,0
DA:41,0
DA:42,0
DA:44,0
DA:45,0
DA:50,0
DA:51,0
DA:52,0
DA:53,0
DA:54,0
DA:58,0
DA:59,0
DA:60,0
DA:61,0
DA:65,0
DA:70,0
DA:71,0
DA:75,1
DA:76,1
DA:78,0
DA:82,0
DA:83,0
DA:87,0
DA:88,0
DA:89,0
DA:93,0
DA:94,0
DA:95,0
DA:96,0
DA:97,0
DA:98,0
DA:100,0
DA:102,0
DA:107,2
LF:52
LH:7
BRDA:5,0,0,2
BRDA:5,0,1,2
BRDA:16,1,0,0
BRDA:16,1,1,2
BRDA:24,2,0,0
BRDA:24,2,1,0
BRDA:30,3,0,0
BRDA:30,3,1,0
BRDA:32,4,0,0
BRDA:32,4,1,0
BRDA:39,5,0,0
BRDA:39,5,1,0
BRDA:50,6,0,0
BRDA:50,6,1,0
BRDA:59,7,0,0
BRDA:59,7,1,0
BRDA:75,8,0,1
BRDA:75,8,1,0
BRDA:82,9,0,0
BRDA:82,9,1,0
BRDA:87,10,0,0
BRDA:87,10,1,0
BRDA:93,11,0,0
BRDA:93,11,1,0
BRDA:95,12,0,0
BRDA:95,12,1,0
BRDA:96,13,0,0
BRDA:96,13,1,0
BRDA:98,14,0,0
BRDA:98,14,1,0
BRF:30
BRH:4
end_of_record
TN:
SF:src/core/middlewares/auth.middleware.ts
FN:10,(anonymous_0)
FN:21,(anonymous_1)
FN:39,(anonymous_2)
FNF:3
FNH:0
FNDA:0,(anonymous_0)
FNDA:0,(anonymous_1)
FNDA:0,(anonymous_2)
DA:6,1
DA:10,1
DA:11,0
DA:13,0
DA:14,0
DA:17,0
DA:18,0
DA:21,0
DA:22,0
DA:23,0
DA:26,0
DA:29,0
DA:30,0
DA:31,0
DA:32,0
DA:36,0
DA:38,0
DA:39,0
DA:40,0
LF:19
LH:2
BRDA:6,0,0,1
BRDA:6,0,1,0
BRDA:13,1,0,0
BRDA:13,1,1,0
BRDA:13,2,0,0
BRDA:13,2,1,0
BRDA:17,3,0,0
BRDA:17,3,1,0
BRDA:22,4,0,0
BRDA:22,4,1,0
BRDA:22,5,0,0
BRDA:22,5,1,0
BRDA:29,6,0,0
BRDA:29,6,1,0
BRDA:31,7,0,0
BRDA:31,7,1,0
BRDA:38,8,0,0
BRDA:38,8,1,0
BRF:18
BRH:1
end_of_record
TN:
SF:src/core/middlewares/csrf.middleware.ts
FN:4,(anonymous_0)
FNF:1
FNH:1
FNDA:1,(anonymous_0)
DA:4,1
DA:6,1
DA:7,1
DA:11,0
DA:12,0
DA:14,0
DA:15,0
DA:18,0
DA:19,0
DA:22,0
LF:10
LH:3
BRDA:6,0,0,1
BRDA:6,0,1,0
BRDA:14,1,0,0
BRDA:14,1,1,0
BRDA:14,2,0,0
BRDA:14,2,1,0
BRDA:18,3,0,0
BRDA:18,3,1,0
BRF:8
BRH:1
end_of_record
TN:
SF:src/core/middlewares/error.middleware.ts
FN:5,(anonymous_0)
FNF:1
FNH:1
FNDA:1,(anonymous_0)
DA:5,1
DA:6,1
DA:7,1
DA:9,1
DA:10,0
DA:19,1
DA:20,1
DA:26,0
DA:34,0
LF:9
LH:6
BRDA:6,0,0,1
BRDA:6,0,1,0
BRDA:7,1,0,1
BRDA:7,1,1,0
BRDA:9,2,0,0
BRDA:9,2,1,1
BRDA:19,3,0,1
BRDA:19,3,1,0
BRF:8
BRH:4
end_of_record
TN:
SF:src/core/middlewares/rbac.middleware.ts
FN:4,(anonymous_0)
FN:12,(anonymous_1)
FN:56,(anonymous_2)
FN:57,(anonymous_3)
FN:79,(anonymous_4)
FN:80,(anonymous_5)
FNF:6
FNH:4
FNDA:1,(anonymous_0)
FNDA:1,(anonymous_1)
FNDA:16,(anonymous_2)
FNDA:0,(anonymous_3)
FNDA:1,(anonymous_4)
FNDA:0,(anonymous_5)
DA:4,1
DA:5,1
DA:6,1
DA:7,1
DA:8,1
DA:12,1
DA:14,1
DA:15,1
DA:16,1
DA:19,1
DA:20,1
DA:21,1
DA:24,1
DA:25,1
DA:26,1
DA:29,1
DA:30,1
DA:31,1
DA:35,1
DA:56,1
DA:57,16
DA:58,0
DA:60,0
DA:61,0
DA:64,0
DA:65,0
DA:67,0
DA:68,0
DA:71,0
DA:79,1
DA:80,1
DA:81,0
DA:83,0
DA:84,0
DA:87,0
DA:88,0
DA:91,0
LF:37
LH:23
BRDA:4,0,0,1
BRDA:4,0,1,1
BRDA:12,1,0,1
BRDA:12,1,1,1
BRDA:60,2,0,0
BRDA:60,2,1,0
BRDA:60,3,0,0
BRDA:60,3,1,0
BRDA:65,4,0,0
BRDA:65,4,1,0
BRDA:67,5,0,0
BRDA:67,5,1,0
BRDA:83,6,0,0
BRDA:83,6,1,0
BRDA:83,7,0,0
BRDA:83,7,1,0
BRDA:87,8,0,0
BRDA:87,8,1,0
BRF:18
BRH:4
end_of_record
TN:
SF:src/core/middlewares/requestId.middleware.ts
FN:4,(anonymous_0)
FNF:1
FNH:1
FNDA:2,(anonymous_0)
DA:4,1
DA:6,2
DA:9,2
DA:12,2
DA:14,2
LF:5
LH:5
BRDA:6,0,0,2
BRDA:6,0,1,2
BRF:2
BRH:2
end_of_record
TN:
SF:src/core/middlewares/validate.middleware.ts
FN:5,(anonymous_0)
FN:6,(anonymous_1)
FN:22,(anonymous_2)
FNF:3
FNH:1
FNDA:13,(anonymous_0)
FNDA:0,(anonymous_1)
FNDA:0,(anonymous_2)
DA:5,1
DA:6,13
DA:7,0
DA:8,0
DA:15,0
DA:16,0
DA:17,0
DA:19,0
DA:21,0
DA:22,0
DA:26,0
DA:28,0
LF:12
LH:2
BRDA:21,0,0,0
BRDA:21,0,1,0
BRF:2
BRH:0
end_of_record
TN:
SF:src/jobs/queue.ts
FN:38,(anonymous_0)
FN:54,(anonymous_1)
FN:70,(anonymous_2)
FNF:3
FNH:0
FNDA:0,(anonymous_0)
FNDA:0,(anonymous_1)
FNDA:0,(anonymous_2)
DA:7,1
DA:11,1
DA:21,1
DA:25,1
DA:29,1
DA:33,1
DA:38,1
DA:39,0
DA:40,0
DA:46,0
DA:47,0
DA:49,0
DA:50,0
DA:54,1
DA:55,0
DA:56,0
DA:62,0
DA:63,0
DA:65,0
DA:66,0
DA:70,1
DA:71,0
DA:72,0
DA:78,0
DA:80,0
LF:25
LH:9
BRDA:7,0,0,1
BRDA:7,0,1,1
BRF:2
BRH:2
end_of_record
TN:
SF:src/modules/ai/ai.controller.ts
FN:7,(anonymous_0)
FN:23,(anonymous_1)
FN:43,(anonymous_2)
FN:61,(anonymous_3)
FNF:4
FNH:0
FNDA:0,(anonymous_0)
FNDA:0,(anonymous_1)
FNDA:0,(anonymous_2)
FNDA:0,(anonymous_3)
DA:7,1
DA:8,0
DA:9,0
DA:11,0
DA:12,0
DA:15,0
DA:16,0
DA:17,0
DA:18,0
DA:20,0
DA:23,1
DA:24,0
DA:25,0
DA:27,0
DA:28,0
DA:29,0
DA:32,0
DA:33,0
DA:34,0
DA:36,0
DA:37,0
DA:39,0
DA:43,1
DA:44,0
DA:45,0
DA:48,0
DA:49,0
DA:50,0
DA:53,0
DA:54,0
DA:55,0
DA:56,0
DA:58,0
DA:61,1
DA:62,0
DA:63,0
DA:64,0
LF:37
LH:4
BRDA:11,0,0,0
BRDA:11,0,1,0
BRDA:28,1,0,0
BRDA:28,1,1,0
BRDA:36,2,0,0
BRDA:36,2,1,0
BRDA:49,3,0,0
BRDA:49,3,1,0
BRF:8
BRH:0
end_of_record
TN:
SF:src/modules/ai/ai.routes.ts
FNF:0
FNH:0
DA:5,1
DA:7,1
DA:9,1
DA:10,1
DA:11,1
DA:12,1
LF:6
LH:6
BRF:0
BRH:0
end_of_record
TN:
SF:src/modules/ai/ai.service.ts
FN:9,(anonymous_0)
FN:17,(anonymous_1)
FN:69,(anonymous_2)
FN:95,(anonymous_3)
FN:96,(anonymous_4)
FN:146,(anonymous_5)
FN:176,(anonymous_6)
FN:177,(anonymous_7)
FN:202,(anonymous_8)
FN:226,(anonymous_9)
FN:227,(anonymous_10)
FN:254,(anonymous_11)
FNF:12
FNH:1
FNDA:1,(anonymous_0)
FNDA:0,(anonymous_1)
FNDA:0,(anonymous_2)
FNDA:0,(anonymous_3)
FNDA:0,(anonymous_4)
FNDA:0,(anonymous_5)
FNDA:0,(anonymous_6)
FNDA:0,(anonymous_7)
FNDA:0,(anonymous_8)
FNDA:0,(anonymous_9)
FNDA:0,(anonymous_10)
FNDA:0,(anonymous_11)
DA:10,1
DA:11,1
DA:18,0
DA:23,0
DA:26,0
DA:27,0
DA:28,0
DA:31,0
DA:48,0
DA:49,0
DA:51,0
DA:57,0
DA:58,0
DA:64,0
DA:65,0
DA:70,0
DA:71,0
DA:72,0
DA:73,0
DA:77,0
DA:92,0
DA:95,0
DA:96,0
DA:99,0
DA:110,0
DA:112,0
DA:113,0
DA:119,0
DA:120,0
DA:121,0
DA:122,0
DA:126,0
DA:127,0
DA:130,0
DA:131,0
DA:132,0
DA:133,0
DA:134,0
DA:135,0
DA:136,0
DA:137,0
DA:141,0
DA:142,0
DA:147,0
DA:148,0
DA:152,0
DA:168,0
DA:169,0
DA:172,0
DA:176,0
DA:177,0
DA:186,0
DA:187,0
DA:188,0
DA:194,0
DA:195,0
DA:197,0
DA:198,0
DA:203,0
DA:211,0
DA:212,0
DA:213,0
DA:214,0
DA:217,0
DA:226,0
DA:227,0
DA:231,0
DA:233,0
DA:234,0
DA:240,0
DA:241,0
DA:242,0
DA:243,0
DA:246,0
DA:247,0
DA:249,0
DA:250,0
DA:255,0
DA:256,0
DA:257,0
DA:259,0
DA:260,0
DA:261,0
DA:262,0
DA:263,0
DA:265,0
DA:276,1
LF:87
LH:3
BRDA:12,0,0,1
BRDA:12,0,1,1
BRDA:12,0,2,1
BRDA:13,1,0,0
BRDA:13,1,1,1
BRDA:23,2,0,0
BRDA:23,2,1,0
BRDA:26,3,0,0
BRDA:26,3,1,0
BRDA:26,4,0,0
BRDA:26,4,1,0
BRDA:49,5,0,0
BRDA:49,5,1,0
BRDA:57,6,0,0
BRDA:57,6,1,0
BRDA:70,7,0,0
BRDA:70,7,1,0
BRDA:70,8,0,0
BRDA:70,8,1,0
BRDA:110,9,0,0
BRDA:110,9,1,0
BRDA:120,10,0,0
BRDA:120,10,1,0
BRDA:121,11,0,0
BRDA:121,11,1,0
BRDA:132,12,0,0
BRDA:132,12,1,0
BRDA:134,13,0,0
BRDA:134,13,1,0
BRDA:136,14,0,0
BRDA:136,14,1,0
BRDA:147,15,0,0
BRDA:147,15,1,0
BRDA:147,16,0,0
BRDA:147,16,1,0
BRDA:168,17,0,0
BRDA:168,17,1,0
BRDA:168,18,0,0
BRDA:168,18,1,0
BRDA:187,19,0,0
BRDA:187,19,1,0
BRDA:194,20,0,0
BRDA:194,20,1,0
BRDA:211,21,0,0
BRDA:211,21,1,0
BRDA:231,22,0,0
BRDA:231,22,1,0
BRDA:241,23,0,0
BRDA:241,23,1,0
BRDA:242,24,0,0
BRDA:242,24,1,0
BRDA:256,25,0,0
BRDA:256,25,1,0
BRDA:257,26,0,0
BRDA:257,26,1,0
BRDA:259,27,0,0
BRDA:259,27,1,0
BRDA:260,28,0,0
BRDA:260,28,1,0
BRDA:260,29,0,0
BRDA:260,29,1,0
BRDA:262,30,0,0
BRDA:262,30,1,0
BRDA:263,31,0,0
BRDA:263,31,1,0
BRDA:268,32,0,0
BRDA:268,32,1,0
BRDA:268,33,0,0
BRDA:268,33,1,0
BRDA:269,34,0,0
BRDA:269,34,1,0
BRDA:270,35,0,0
BRDA:270,35,1,0
BRF:73
BRH:4
end_of_record
TN:
SF:src/modules/audit/audit.controller.ts
FN:5,(anonymous_0)
FNF:1
FNH:0
FNDA:0,(anonymous_0)
DA:6,0
DA:7,0
DA:8,0
DA:10,0
DA:24,0
DA:26,0
DA:31,1
LF:7
LH:1
BRDA:8,0,0,0
BRDA:13,1,0,0
BRDA:13,1,1,0
BRF:3
BRH:0
end_of_record
TN:
SF:src/modules/audit/audit.routes.ts
FNF:0
FNH:0
DA:5,1
DA:7,1
LF:2
LH:2
BRF:0
BRH:0
end_of_record
TN:
SF:src/modules/audit/audit.service.ts
FN:5,(anonymous_0)
FNF:1
FNH:0
FNDA:0,(anonymous_0)
DA:13,0
DA:14,0
DA:25,0
DA:30,1
LF:4
LH:1
BRDA:21,0,0,0
BRDA:21,0,1,0
BRF:2
BRH:0
end_of_record
TN:
SF:src/modules/auth/audit.service.ts
FN:4,(anonymous_0)
FN:26,(anonymous_1)
FNF:2
FNH:0
FNDA:0,(anonymous_0)
FNDA:0,(anonymous_1)
DA:13,0
DA:27,0
DA:38,1
LF:3
LH:1
BRDA:21,0,0,0
BRDA:21,0,1,0
BRF:2
BRH:0
end_of_record
TN:
SF:src/modules/auth/auth.controller.ts
FN:12,(anonymous_0)
FN:43,(anonymous_1)
FN:64,(anonymous_2)
FN:89,(anonymous_3)
FN:99,(anonymous_4)
FN:122,(anonymous_5)
FN:149,(anonymous_6)
FN:157,(anonymous_7)
FN:192,(anonymous_8)
FN:215,(anonymous_9)
FN:232,(anonymous_10)
FN:248,(anonymous_11)
FNF:12
FNH:1
FNDA:0,(anonymous_0)
FNDA:0,(anonymous_1)
FNDA:1,(anonymous_2)
FNDA:0,(anonymous_3)
FNDA:0,(anonymous_4)
FNDA:0,(anonymous_5)
FNDA:0,(anonymous_6)
FNDA:0,(anonymous_7)
FNDA:0,(anonymous_8)
FNDA:0,(anonymous_9)
FNDA:0,(anonymous_10)
FNDA:0,(anonymous_11)
DA:12,1
DA:13,0
DA:14,0
DA:17,0
DA:18,0
DA:20,0
DA:27,0
DA:28,0
DA:29,0
DA:30,0
DA:32,0
DA:40,0
DA:43,1
DA:44,0
DA:46,0
DA:47,0
DA:48,0
DA:51,0
DA:52,0
DA:60,0
DA:61,0
DA:64,1
DA:65,1
DA:67,1
DA:68,0
DA:71,1
DA:72,1
DA:73,1
DA:76,0
DA:78,0
DA:79,0
DA:86,0
DA:89,1
DA:90,0
DA:91,0
DA:93,0
DA:95,0
DA:96,0
DA:99,1
DA:100,0
DA:101,0
DA:103,0
DA:105,0
DA:106,0
DA:107,0
DA:110,0
DA:111,0
DA:112,0
DA:115,0
DA:122,1
DA:123,0
DA:125,0
DA:126,0
DA:129,0
DA:130,0
DA:131,0
DA:132,0
DA:135,0
DA:136,0
DA:137,0
DA:140,0
DA:141,0
DA:143,0
DA:145,0
DA:149,1
DA:150,0
DA:151,0
DA:153,0
DA:154,0
DA:157,1
DA:158,0
DA:160,0
DA:161,0
DA:164,0
DA:167,0
DA:168,0
DA:169,0
DA:170,0
DA:171,0
DA:175,0
DA:179,0
DA:181,0
DA:182,0
DA:184,0
DA:185,0
DA:189,0
DA:192,1
DA:193,0
DA:194,0
DA:195,0
DA:198,0
DA:205,0
DA:212,0
DA:215,1
DA:216,0
DA:217,0
DA:219,0
DA:220,0
DA:223,0
DA:224,0
DA:225,0
DA:227,0
DA:229,0
DA:232,1
DA:233,0
DA:234,0
DA:236,0
DA:237,0
DA:238,0
DA:241,0
DA:242,0
DA:243,0
DA:245,0
DA:248,1
DA:249,0
DA:250,0
DA:251,0
DA:253,0
DA:254,0
DA:255,0
DA:257,0
LF:121
LH:17
BRDA:13,0,0,0
BRDA:13,0,1,0
BRDA:37,1,0,0
BRDA:37,1,1,0
BRDA:47,2,0,0
BRDA:47,2,1,0
BRDA:67,3,0,0
BRDA:67,3,1,1
BRDA:67,4,0,1
BRDA:67,4,1,1
BRDA:72,5,0,1
BRDA:72,5,1,0
BRDA:72,6,0,1
BRDA:72,6,1,0
BRDA:76,7,0,0
BRDA:76,7,1,0
BRDA:93,8,0,0
BRDA:93,8,1,0
BRDA:93,9,0,0
BRDA:93,9,1,0
BRDA:103,10,0,0
BRDA:103,10,1,0
BRDA:106,11,0,0
BRDA:106,11,1,0
BRDA:111,12,0,0
BRDA:111,12,1,0
BRDA:125,13,0,0
BRDA:125,13,1,0
BRDA:125,14,0,0
BRDA:125,14,1,0
BRDA:131,15,0,0
BRDA:131,15,1,0
BRDA:136,16,0,0
BRDA:136,16,1,0
BRDA:141,17,0,0
BRDA:141,17,1,0
BRDA:151,18,0,0
BRDA:151,18,1,0
BRDA:158,19,0,0
BRDA:158,19,1,0
BRDA:160,20,0,0
BRDA:160,20,1,0
BRDA:167,21,0,0
BRDA:167,21,1,0
BRDA:184,22,0,0
BRDA:184,22,1,0
BRDA:193,23,0,0
BRDA:193,23,1,0
BRDA:194,24,0,0
BRDA:194,24,1,0
BRDA:219,25,0,0
BRDA:219,25,1,0
BRDA:237,26,0,0
BRDA:237,26,1,0
BRDA:237,27,0,0
BRDA:237,27,1,0
BRDA:250,28,0,0
BRDA:250,28,1,0
BRDA:254,29,0,0
BRDA:254,29,1,0
BRF:60
BRH:5
end_of_record
TN:
SF:src/modules/auth/auth.routes.ts
FNF:0
FNH:0
DA:5,1
DA:8,1
DA:9,1
DA:10,1
DA:11,1
DA:12,1
DA:13,1
DA:16,1
DA:17,1
DA:18,1
DA:19,1
DA:20,1
DA:21,1
LF:13
LH:13
BRF:0
BRH:0
end_of_record
TN:
SF:src/modules/auth/auth.service.ts
FN:7,(anonymous_0)
FN:11,(anonymous_1)
FN:18,(anonymous_2)
FN:19,(anonymous_3)
FN:40,(anonymous_4)
FN:50,(anonymous_5)
FN:56,(anonymous_6)
FN:62,(anonymous_7)
FN:69,(anonymous_8)
FN:79,(anonymous_9)
FN:85,(anonymous_10)
FN:91,(anonymous_11)
FNF:12
FNH:1
FNDA:1,(anonymous_0)
FNDA:0,(anonymous_1)
FNDA:0,(anonymous_2)
FNDA:0,(anonymous_3)
FNDA:0,(anonymous_4)
FNDA:0,(anonymous_5)
FNDA:0,(anonymous_6)
FNDA:0,(anonymous_7)
FNDA:0,(anonymous_8)
FNDA:0,(anonymous_9)
FNDA:0,(anonymous_10)
FNDA:0,(anonymous_11)
DA:8,1
DA:12,0
DA:19,0
DA:20,0
DA:26,0
DA:36,0
DA:41,0
DA:51,0
DA:57,0
DA:63,0
DA:70,0
DA:80,0
DA:86,0
DA:92,0
DA:99,1
LF:15
LH:2
BRF:0
BRH:0
end_of_record
TN:
SF:src/modules/auth/mfa.service.ts
FN:10,(anonymous_0)
FN:28,(anonymous_1)
FN:33,(anonymous_2)
FN:52,(anonymous_3)
FN:78,(anonymous_4)
FN:90,(anonymous_5)
FNF:6
FNH:0
FNDA:0,(anonymous_0)
FNDA:0,(anonymous_1)
FNDA:0,(anonymous_2)
FNDA:0,(anonymous_3)
FNDA:0,(anonymous_4)
FNDA:0,(anonymous_5)
DA:11,0
DA:12,0
DA:17,0
DA:19,0
DA:29,0
DA:30,0
DA:33,0
DA:34,0
DA:37,0
DA:46,0
DA:53,0
DA:66,0
DA:69,0
DA:70,0
DA:73,0
DA:75,0
DA:78,0
DA:81,0
DA:84,0
DA:91,0
DA:102,1
LF:21
LH:1
BRDA:30,0,0,0
BRDA:30,0,1,0
BRDA:66,1,0,0
BRDA:66,1,1,0
BRDA:66,2,0,0
BRDA:66,2,1,0
BRDA:66,2,2,0
BRDA:70,3,0,0
BRDA:70,3,1,0
BRDA:73,4,0,0
BRDA:73,4,1,0
BRF:11
BRH:0
end_of_record
TN:
SF:src/modules/automations/automation.controller.ts
FN:7,(anonymous_0)
FN:16,(anonymous_1)
FN:34,(anonymous_2)
FN:42,(anonymous_3)
FN:55,(anonymous_4)
FNF:5
FNH:0
FNDA:0,(anonymous_0)
FNDA:0,(anonymous_1)
FNDA:0,(anonymous_2)
FNDA:0,(anonymous_3)
FNDA:0,(anonymous_4)
DA:7,1
DA:8,0
DA:9,0
DA:13,0
DA:16,1
DA:17,0
DA:20,0
DA:21,0
DA:22,0
DA:25,0
DA:27,0
DA:34,0
DA:42,0
DA:52,0
DA:55,1
DA:56,0
DA:57,0
DA:58,0
DA:59,0
DA:61,0
DA:62,0
DA:64,0
DA:69,0
LF:23
LH:3
BRDA:21,0,0,0
BRDA:21,0,1,0
BRDA:32,1,0,0
BRDA:32,1,1,0
BRDA:37,2,0,0
BRDA:37,2,1,0
BRDA:44,3,0,0
BRDA:44,3,1,0
BRDA:45,4,0,0
BRDA:45,4,1,0
BRDA:62,5,0,0
BRDA:62,5,1,0
BRF:12
BRH:0
end_of_record
TN:
SF:src/modules/automations/automation.routes.ts
FNF:0
FNH:0
DA:5,1
DA:6,1
DA:8,1
DA:9,1
DA:10,1
LF:5
LH:5
BRF:0
BRH:0
end_of_record
TN:
SF:src/modules/clients/client.controller.ts
FN:9,(anonymous_0)
FN:21,(anonymous_1)
FN:38,(anonymous_2)
FN:55,(anonymous_3)
FN:72,(anonymous_4)
FNF:5
FNH:0
FNDA:0,(anonymous_0)
FNDA:0,(anonymous_1)
FNDA:0,(anonymous_2)
FNDA:0,(anonymous_3)
FNDA:0,(anonymous_4)
DA:9,1
DA:10,0
DA:11,0
DA:13,0
DA:18,0
DA:21,1
DA:22,0
DA:25,0
DA:26,0
DA:27,0
DA:31,0
DA:33,0
DA:35,0
DA:38,1
DA:39,0
DA:40,0
DA:41,0
DA:42,0
DA:44,0
DA:46,0
DA:48,0
DA:49,0
DA:51,0
DA:55,1
DA:56,0
DA:57,0
DA:58,0
DA:59,0
DA:61,0
DA:63,0
DA:65,0
DA:66,0
DA:68,0
DA:72,1
DA:73,0
DA:74,0
DA:75,0
DA:76,0
LF:38
LH:5
BRDA:14,0,0,0
BRDA:14,0,1,0
BRDA:16,1,0,0
BRDA:16,1,1,0
BRDA:26,2,0,0
BRDA:26,2,1,0
BRDA:48,3,0,0
BRDA:48,3,1,0
BRDA:48,4,0,0
BRDA:48,4,1,0
BRDA:48,4,2,0
BRDA:48,4,3,0
BRDA:65,5,0,0
BRDA:65,5,1,0
BRDA:65,6,0,0
BRDA:65,6,1,0
BRDA:65,6,2,0
BRDA:65,6,3,0
BRF:18
BRH:0
end_of_record
TN:
SF:src/modules/clients/client.routes.ts
FNF:0
FNH:0
DA:8,1
DA:10,1
DA:12,1
DA:13,1
DA:14,1
DA:15,1
DA:16,1
LF:7
LH:7
BRF:0
BRH:0
end_of_record
TN:
SF:src/modules/clients/client.schema.ts
FN:28,(anonymous_0)
FN:30,(anonymous_1)
FNF:2
FNH:0
FNDA:0,(anonymous_0)
FNDA:0,(anonymous_1)
DA:3,1
DA:13,1
DA:26,1
DA:28,0
DA:30,0
DA:34,1
LF:6
LH:4
BRDA:28,0,0,0
BRDA:28,0,1,0
BRDA:30,1,0,0
BRDA:30,1,1,0
BRF:4
BRH:0
end_of_record
TN:
SF:src/modules/clients/client.service.ts
FN:7,(anonymous_0)
FN:11,(anonymous_1)
FN:32,(anonymous_2)
FN:40,(anonymous_3)
FN:47,(anonymous_4)
FN:54,(anonymous_5)
FNF:6
FNH:0
FNDA:0,(anonymous_0)
FNDA:0,(anonymous_1)
FNDA:0,(anonymous_2)
FNDA:0,(anonymous_3)
FNDA:0,(anonymous_4)
FNDA:0,(anonymous_5)
DA:8,0
DA:9,0
DA:11,0
DA:12,0
DA:17,0
DA:18,0
DA:19,0
DA:20,0
DA:22,0
DA:33,0
DA:41,0
DA:42,0
DA:44,0
DA:48,0
DA:49,0
DA:51,0
DA:55,0
DA:59,1
LF:18
LH:1
BRDA:7,0,0,0
BRDA:8,1,0,0
BRDA:8,2,0,0
BRDA:9,3,0,0
BRDA:9,3,1,0
BRDA:18,4,0,0
BRDA:18,4,1,0
BRDA:20,5,0,0
BRDA:20,5,1,0
BRDA:36,6,0,0
BRDA:36,6,1,0
BRDA:42,7,0,0
BRDA:42,7,1,0
BRDA:49,8,0,0
BRDA:49,8,1,0
BRF:15
BRH:0
end_of_record
TN:
SF:src/modules/contacts/contact.controller.ts
FN:5,(anonymous_0)
FN:12,(anonymous_1)
FNF:2
FNH:0
FNDA:0,(anonymous_0)
FNDA:0,(anonymous_1)
DA:5,1
DA:6,0
DA:7,0
DA:8,0
DA:9,0
DA:12,1
DA:13,0
DA:14,0
DA:15,0
LF:9
LH:2
BRF:0
BRH:0
end_of_record
TN:
SF:src/modules/contacts/contact.routes.ts
FNF:0
FNH:0
DA:5,1
DA:7,1
DA:9,1
DA:10,1
LF:4
LH:4
BRF:0
BRH:0
end_of_record
TN:
SF:src/modules/contacts/contact.service.ts
FN:11,(anonymous_0)
FN:18,(anonymous_1)
FNF:2
FNH:0
FNDA:0,(anonymous_0)
FNDA:0,(anonymous_1)
DA:12,0
DA:19,0
DA:31,1
LF:3
LH:1
BRDA:25,0,0,0
BRDA:25,0,1,0
BRF:2
BRH:0
end_of_record
TN:
SF:src/modules/dashboard/dashboard.controller.ts
FN:5,(anonymous_0)
FNF:1
FNH:0
FNDA:0,(anonymous_0)
DA:5,1
DA:6,0
DA:7,0
DA:8,0
DA:9,0
LF:5
LH:1
BRDA:6,0,0,0
BRDA:6,0,1,0
BRF:2
BRH:0
end_of_record
TN:
SF:src/modules/dashboard/dashboard.routes.ts
FNF:0
FNH:0
DA:5,1
DA:7,1
DA:9,1
LF:3
LH:3
BRF:0
BRH:0
end_of_record
TN:
SF:src/modules/dashboard/dashboard.service.ts
FN:6,(anonymous_0)
FN:10,(anonymous_1)
FN:83,(anonymous_2)
FN:103,(anonymous_3)
FN:118,(anonymous_4)
FNF:5
FNH:0
FNDA:0,(anonymous_0)
FNDA:0,(anonymous_1)
FNDA:0,(anonymous_2)
FNDA:0,(anonymous_3)
FNDA:0,(anonymous_4)
DA:7,0
DA:8,0
DA:10,0
DA:11,0
DA:14,0
DA:15,0
DA:16,0
DA:17,0
DA:20,0
DA:33,0
DA:36,0
DA:55,0
DA:56,0
DA:57,0
DA:60,0
DA:83,0
DA:91,0
DA:92,0
DA:93,0
DA:103,0
DA:105,0
DA:106,0
DA:108,0
DA:118,0
DA:121,0
DA:132,1
LF:26
LH:1
BRDA:6,0,0,0
BRDA:20,1,0,0
BRDA:20,1,1,0
BRDA:33,2,0,0
BRDA:33,2,1,0
BRDA:36,3,0,0
BRDA:36,3,1,0
BRDA:55,4,0,0
BRDA:55,5,0,0
BRDA:55,6,0,0
BRDA:55,7,0,0
BRDA:55,7,1,0
BRDA:56,8,0,0
BRDA:56,8,1,0
BRDA:60,9,0,0
BRDA:60,9,1,0
BRDA:86,10,0,0
BRDA:86,10,1,0
BRDA:87,11,0,0
BRDA:87,11,1,0
BRDA:92,12,0,0
BRDA:92,12,1,0
BRDA:103,13,0,0
BRDA:103,13,1,0
BRDA:118,14,0,0
BRDA:118,14,1,0
BRF:26
BRH:0
end_of_record
TN:
SF:src/modules/documents/document.controller.ts
FN:6,(anonymous_0)
FN:16,(anonymous_1)
FN:30,(anonymous_2)
FN:51,(anonymous_3)
FNF:4
FNH:0
FNDA:0,(anonymous_0)
FNDA:0,(anonymous_1)
FNDA:0,(anonymous_2)
FNDA:0,(anonymous_3)
DA:6,1
DA:7,0
DA:8,0
DA:9,0
DA:11,0
DA:12,0
DA:13,0
DA:16,1
DA:17,0
DA:19,0
DA:26,0
DA:27,0
DA:30,1
DA:31,0
DA:32,0
DA:39,0
DA:40,0
DA:41,0
DA:42,0
DA:44,0
DA:45,0
DA:47,0
DA:51,1
DA:52,0
DA:53,0
DA:54,0
DA:55,0
DA:57,0
DA:58,0
DA:60,0
LF:30
LH:4
BRDA:7,0,0,0
BRDA:7,0,1,0
BRDA:8,1,0,0
BRDA:8,1,1,0
BRDA:9,2,0,0
BRDA:9,2,1,0
BRDA:21,3,0,0
BRDA:21,3,1,0
BRDA:22,4,0,0
BRDA:22,4,1,0
BRDA:23,5,0,0
BRDA:23,5,1,0
BRDA:34,6,0,0
BRDA:34,6,1,0
BRDA:35,7,0,0
BRDA:35,7,1,0
BRDA:36,8,0,0
BRDA:36,8,1,0
BRDA:44,9,0,0
BRDA:44,9,1,0
BRDA:57,10,0,0
BRDA:57,10,1,0
BRF:22
BRH:0
end_of_record
TN:
SF:src/modules/documents/document.routes.ts
FNF:0
FNH:0
DA:5,1
DA:7,1
DA:9,1
DA:10,1
DA:11,1
DA:12,1
LF:6
LH:6
BRF:0
BRH:0
end_of_record
TN:
SF:src/modules/documents/document.service.ts
FN:5,(anonymous_0)
FN:35,(anonymous_1)
FN:48,(anonymous_2)
FN:62,(anonymous_3)
FN:94,(anonymous_4)
FNF:5
FNH:0
FNDA:0,(anonymous_0)
FNDA:0,(anonymous_1)
FNDA:0,(anonymous_2)
FNDA:0,(anonymous_3)
FNDA:0,(anonymous_4)
DA:6,0
DA:8,0
DA:9,0
DA:10,0
DA:20,0
DA:35,0
DA:40,0
DA:49,0
DA:63,0
DA:64,0
DA:66,0
DA:67,0
DA:81,0
DA:95,0
DA:96,0
DA:98,0
DA:104,1
LF:17
LH:1
BRDA:5,0,0,0
BRDA:5,1,0,0
BRDA:5,2,0,0
BRDA:9,3,0,0
BRDA:9,3,1,0
BRDA:37,4,0,0
BRDA:37,4,1,0
BRDA:64,5,0,0
BRDA:64,5,1,0
BRDA:66,6,0,0
BRDA:66,6,1,0
BRDA:96,7,0,0
BRDA:96,7,1,0
BRF:13
BRH:0
end_of_record
TN:
SF:src/modules/events/event.controller.ts
FN:6,(anonymous_0)
FN:15,(anonymous_1)
FN:26,(anonymous_2)
FN:39,(anonymous_3)
FNF:4
FNH:0
FNDA:0,(anonymous_0)
FNDA:0,(anonymous_1)
FNDA:0,(anonymous_2)
FNDA:0,(anonymous_3)
DA:6,1
DA:7,0
DA:8,0
DA:9,0
DA:11,0
DA:12,0
DA:15,1
DA:16,0
DA:17,0
DA:18,0
DA:19,0
DA:21,0
DA:22,0
DA:23,0
DA:26,1
DA:27,0
DA:28,0
DA:29,0
DA:31,0
DA:32,0
DA:33,0
DA:36,0
DA:39,1
DA:40,0
DA:41,0
DA:43,0
DA:44,0
DA:45,0
DA:48,0
LF:29
LH:4
BRDA:19,0,0,0
BRDA:19,0,1,0
BRDA:29,1,0,0
BRDA:29,1,1,0
BRDA:32,2,0,0
BRDA:32,2,1,0
BRDA:44,3,0,0
BRDA:44,3,1,0
BRF:8
BRH:0
end_of_record
TN:
SF:src/modules/events/event.routes.ts
FNF:0
FNH:0
DA:5,1
DA:7,1
DA:9,1
DA:10,1
DA:11,1
DA:12,1
LF:6
LH:6
BRF:0
BRH:0
end_of_record
TN:
SF:src/modules/events/event.service.ts
FN:4,(anonymous_0)
FN:18,(anonymous_1)
FN:33,(anonymous_2)
FN:51,(anonymous_3)
FNF:4
FNH:0
FNDA:0,(anonymous_0)
FNDA:0,(anonymous_1)
FNDA:0,(anonymous_2)
FNDA:0,(anonymous_3)
DA:5,0
DA:7,0
DA:8,0
DA:9,0
DA:12,0
DA:19,0
DA:35,0
DA:39,0
DA:41,0
DA:42,0
DA:43,0
DA:45,0
DA:52,0
DA:56,0
DA:60,1
LF:15
LH:1
BRDA:7,0,0,0
BRDA:7,0,1,0
BRDA:7,1,0,0
BRDA:7,1,1,0
BRDA:23,2,0,0
BRDA:23,2,1,0
BRDA:28,3,0,0
BRDA:28,3,1,0
BRDA:39,4,0,0
BRDA:39,4,1,0
BRDA:42,5,0,0
BRDA:42,5,1,0
BRDA:43,6,0,0
BRDA:43,6,1,0
BRF:14
BRH:0
end_of_record
TN:
SF:src/modules/health/health.controller.ts
FN:18,(anonymous_0)
FNF:1
FNH:1
FNDA:1,(anonymous_0)
DA:6,1
DA:18,1
DA:19,1
DA:20,1
DA:23,1
DA:24,1
DA:27,1
DA:28,1
DA:29,1
DA:30,0
DA:32,1
DA:35,1
DA:37,1
DA:46,0
DA:47,0
LF:15
LH:12
BRF:0
BRH:0
end_of_record
TN:
SF:src/modules/opportunities/opportunity.controller.ts
FN:9,(anonymous_0)
FN:21,(anonymous_1)
FN:33,(anonymous_2)
FN:52,(anonymous_3)
FNF:4
FNH:0
FNDA:0,(anonymous_0)
FNDA:0,(anonymous_1)
FNDA:0,(anonymous_2)
FNDA:0,(anonymous_3)
DA:9,1
DA:10,0
DA:11,0
DA:13,0
DA:18,0
DA:21,1
DA:22,0
DA:23,0
DA:25,0
DA:28,0
DA:30,0
DA:33,1
DA:34,0
DA:35,0
DA:36,0
DA:37,0
DA:39,0
DA:41,0
DA:43,0
DA:45,0
DA:46,0
DA:48,0
DA:52,1
DA:53,0
DA:54,0
DA:57,0
DA:58,0
DA:59,0
DA:62,0
DA:63,0
DA:64,0
DA:66,0
DA:67,0
DA:69,0
LF:34
LH:4
BRDA:14,0,0,0
BRDA:14,0,1,0
BRDA:16,1,0,0
BRDA:16,1,1,0
BRDA:45,2,0,0
BRDA:45,2,1,0
BRDA:58,3,0,0
BRDA:58,3,1,0
BRDA:66,4,0,0
BRDA:66,4,1,0
BRF:10
BRH:0
end_of_record
TN:
SF:src/modules/opportunities/opportunity.routes.ts
FNF:0
FNH:0
DA:8,1
DA:10,1
DA:12,1
DA:13,1
DA:14,1
DA:15,1
LF:6
LH:6
BRF:0
BRH:0
end_of_record
TN:
SF:src/modules/opportunities/opportunity.schema.ts
FN:25,(anonymous_0)
FN:27,(anonymous_1)
FNF:2
FNH:0
FNDA:0,(anonymous_0)
FNDA:0,(anonymous_1)
DA:3,1
DA:13,1
DA:23,1
DA:25,0
DA:27,0
DA:31,1
LF:6
LH:4
BRDA:25,0,0,0
BRDA:25,0,1,0
BRDA:27,1,0,0
BRDA:27,1,1,0
BRF:4
BRH:0
end_of_record
TN:
SF:src/modules/opportunities/opportunity.service.ts
FN:6,(anonymous_0)
FN:10,(anonymous_1)
FN:19,(anonymous_2)
FN:38,(anonymous_3)
FN:49,(anonymous_4)
FNF:5
FNH:0
FNDA:0,(anonymous_0)
FNDA:0,(anonymous_1)
FNDA:0,(anonymous_2)
FNDA:0,(anonymous_3)
FNDA:0,(anonymous_4)
DA:7,0
DA:8,0
DA:10,0
DA:11,0
DA:16,0
DA:17,0
DA:19,0
DA:25,0
DA:26,0
DA:28,0
DA:39,0
DA:50,0
DA:51,0
DA:53,0
DA:54,0
DA:59,0
DA:64,1
LF:17
LH:1
BRDA:6,0,0,0
BRDA:7,1,0,0
BRDA:7,2,0,0
BRDA:8,3,0,0
BRDA:8,3,1,0
BRDA:17,4,0,0
BRDA:17,4,1,0
BRDA:21,5,0,0
BRDA:21,5,1,0
BRDA:22,6,0,0
BRDA:22,6,1,0
BRDA:26,7,0,0
BRDA:26,7,1,0
BRDA:44,8,0,0
BRDA:44,8,1,0
BRDA:45,9,0,0
BRDA:45,9,1,0
BRDA:51,10,0,0
BRDA:51,10,1,0
BRDA:53,11,0,0
BRDA:53,11,1,0
BRF:21
BRH:0
end_of_record
TN:
SF:src/modules/products/product.controller.ts
FN:6,(anonymous_0)
FN:16,(anonymous_1)
FN:26,(anonymous_2)
FN:36,(anonymous_3)
FN:55,(anonymous_4)
FNF:5
FNH:0
FNDA:0,(anonymous_0)
FNDA:0,(anonymous_1)
FNDA:0,(anonymous_2)
FNDA:0,(anonymous_3)
FNDA:0,(anonymous_4)
DA:6,1
DA:7,0
DA:8,0
DA:9,0
DA:11,0
DA:12,0
DA:13,0
DA:16,1
DA:17,0
DA:18,0
DA:19,0
DA:20,0
DA:21,0
DA:23,0
DA:26,1
DA:27,0
DA:28,0
DA:32,0
DA:33,0
DA:36,1
DA:37,0
DA:38,0
DA:39,0
DA:44,0
DA:45,0
DA:46,0
DA:48,0
DA:49,0
DA:51,0
DA:55,1
DA:56,0
DA:57,0
DA:58,0
DA:59,0
DA:61,0
DA:62,0
DA:64,0
LF:37
LH:5
BRDA:7,0,0,0
BRDA:7,0,1,0
BRDA:8,1,0,0
BRDA:8,1,1,0
BRDA:9,2,0,0
BRDA:9,2,1,0
BRDA:20,3,0,0
BRDA:20,3,1,0
BRDA:41,4,0,0
BRDA:41,4,1,0
BRDA:48,5,0,0
BRDA:48,5,1,0
BRDA:61,6,0,0
BRDA:61,6,1,0
BRF:14
BRH:0
end_of_record
TN:
SF:src/modules/products/product.routes.ts
FNF:0
FNH:0
DA:5,1
DA:7,1
DA:9,1
DA:10,1
DA:11,1
DA:12,1
DA:13,1
LF:7
LH:7
BRF:0
BRH:0
end_of_record
TN:
SF:src/modules/products/product.service.ts
FN:5,(anonymous_0)
FN:35,(anonymous_1)
FN:47,(anonymous_2)
FN:57,(anonymous_3)
FN:66,(anonymous_4)
FNF:5
FNH:0
FNDA:0,(anonymous_0)
FNDA:0,(anonymous_1)
FNDA:0,(anonymous_2)
FNDA:0,(anonymous_3)
FNDA:0,(anonymous_4)
DA:6,0
DA:8,0
DA:9,0
DA:10,0
DA:17,0
DA:27,0
DA:36,0
DA:48,0
DA:49,0
DA:51,0
DA:58,0
DA:59,0
DA:61,0
DA:67,0
DA:73,1
LF:15
LH:1
BRDA:5,0,0,0
BRDA:5,1,0,0
BRDA:5,2,0,0
BRDA:9,3,0,0
BRDA:9,3,1,0
BRDA:49,4,0,0
BRDA:49,4,1,0
BRDA:59,5,0,0
BRDA:59,5,1,0
BRF:9
BRH:0
end_of_record
TN:
SF:src/modules/tasks/task.controller.ts
FN:6,(anonymous_0)
FN:22,(anonymous_1)
FN:30,(anonymous_2)
FN:43,(anonymous_3)
FNF:4
FNH:0
FNDA:0,(anonymous_0)
FNDA:0,(anonymous_1)
FNDA:0,(anonymous_2)
FNDA:0,(anonymous_3)
DA:6,1
DA:7,0
DA:8,0
DA:10,0
DA:19,0
DA:22,1
DA:23,0
DA:24,0
DA:26,0
DA:27,0
DA:30,1
DA:31,0
DA:32,0
DA:33,0
DA:35,0
DA:36,0
DA:37,0
DA:40,0
DA:43,1
DA:44,0
DA:45,0
DA:46,0
DA:48,0
DA:49,0
DA:50,0
DA:53,0
LF:26
LH:4
BRDA:14,0,0,0
BRDA:14,0,1,0
BRDA:16,1,0,0
BRDA:16,1,1,0
BRDA:36,2,0,0
BRDA:36,2,1,0
BRDA:49,3,0,0
BRDA:49,3,1,0
BRF:8
BRH:0
end_of_record
TN:
SF:src/modules/tasks/task.routes.ts
FNF:0
FNH:0
DA:8,1
DA:10,1
DA:12,1
DA:13,1
DA:14,1
DA:15,1
LF:6
LH:6
BRF:0
BRH:0
end_of_record
TN:
SF:src/modules/tasks/task.schema.ts
FN:7,(anonymous_0)
FN:20,(anonymous_1)
FN:28,(anonymous_2)
FN:30,(anonymous_3)
FNF:4
FNH:0
FNDA:0,(anonymous_0)
FNDA:0,(anonymous_1)
FNDA:0,(anonymous_2)
FNDA:0,(anonymous_3)
DA:3,1
DA:7,0
DA:13,1
DA:20,0
DA:26,1
DA:28,0
DA:30,0
DA:34,1
LF:8
LH:4
BRDA:7,0,0,0
BRDA:7,0,1,0
BRDA:20,1,0,0
BRDA:20,1,1,0
BRDA:28,2,0,0
BRDA:28,2,1,0
BRDA:30,3,0,0
BRDA:30,3,1,0
BRF:8
BRH:0
end_of_record
TN:
SF:src/modules/tasks/task.service.ts
FN:5,(anonymous_0)
FN:16,(anonymous_1)
FN:33,(anonymous_2)
FN:45,(anonymous_3)
FN:52,(anonymous_4)
FNF:5
FNH:0
FNDA:0,(anonymous_0)
FNDA:0,(anonymous_1)
FNDA:0,(anonymous_2)
FNDA:0,(anonymous_3)
FNDA:0,(anonymous_4)
DA:6,0
DA:8,0
DA:13,0
DA:14,0
DA:16,0
DA:21,0
DA:22,0
DA:24,0
DA:34,0
DA:46,0
DA:47,0
DA:49,0
DA:53,0
DA:54,0
DA:56,0
DA:57,0
DA:61,1
LF:17
LH:1
BRDA:5,0,0,0
BRDA:6,1,0,0
BRDA:6,2,0,0
BRDA:14,3,0,0
BRDA:14,3,1,0
BRDA:18,4,0,0
BRDA:18,4,1,0
BRDA:22,5,0,0
BRDA:22,5,1,0
BRDA:37,6,0,0
BRDA:37,6,1,0
BRDA:39,7,0,0
BRDA:39,7,1,0
BRDA:40,8,0,0
BRDA:40,8,1,0
BRDA:47,9,0,0
BRDA:47,9,1,0
BRDA:47,10,0,0
BRDA:47,10,1,0
BRDA:54,11,0,0
BRDA:54,11,1,0
BRDA:54,12,0,0
BRDA:54,12,1,0
BRF:23
BRH:0
end_of_record
TN:
SF:src/modules/telemetry/telemetry.controller.ts
FN:6,(anonymous_0)
FN:16,(anonymous_1)
FNF:2
FNH:0
FNDA:0,(anonymous_0)
FNDA:0,(anonymous_1)
DA:6,1
DA:8,0
DA:9,0
DA:12,0
DA:13,0
DA:16,1
DA:17,0
DA:18,0
DA:19,0
LF:9
LH:2
BRDA:8,0,0,0
BRDA:8,0,1,0
BRF:2
BRH:0
end_of_record
TN:
SF:src/modules/telemetry/telemetry.routes.ts
FNF:0
FNH:0
DA:5,1
DA:7,1
DA:9,1
DA:10,1
LF:4
LH:4
BRF:0
BRH:0
end_of_record
TN:
SF:src/modules/telemetry/telemetry.service.ts
FN:8,(anonymous_0)
FN:53,(anonymous_1)
FNF:2
FNH:0
FNDA:0,(anonymous_0)
FNDA:0,(anonymous_1)
DA:5,1
DA:9,0
DA:10,0
DA:13,0
DA:23,0
DA:24,0
DA:25,0
DA:28,0
DA:34,0
DA:54,0
DA:60,0
DA:70,1
LF:12
LH:2
BRDA:25,0,0,0
BRDA:25,0,1,0
BRDA:45,1,0,0
BRDA:45,1,1,0
BRF:4
BRH:0
end_of_record
TN:
SF:src/modules/tenants/tenant.controller.ts
FN:9,(anonymous_0)
FN:15,(anonymous_1)
FN:28,(anonymous_2)
FNF:3
FNH:0
FNDA:0,(anonymous_0)
FNDA:0,(anonymous_1)
FNDA:0,(anonymous_2)
DA:7,1
DA:9,1
DA:10,0
DA:11,0
DA:12,0
DA:15,1
DA:16,0
DA:17,0
DA:19,0
DA:24,0
DA:28,1
DA:29,0
DA:30,0
DA:33,0
DA:35,0
DA:40,0
LF:16
LH:4
BRDA:29,0,0,0
BRDA:29,0,1,0
BRF:2
BRH:0
end_of_record
TN:
SF:src/modules/tenants/tenant.routes.ts
FNF:0
FNH:0
DA:5,1
DA:7,1
DA:9,1
DA:10,1
DA:11,1
LF:5
LH:5
BRF:0
BRH:0
end_of_record
TN:
SF:src/modules/tenants/tenant.service.ts
FN:38,(anonymous_0)
FN:54,(anonymous_1)
FN:76,(anonymous_2)
FNF:3
FNH:0
FNDA:0,(anonymous_0)
FNDA:0,(anonymous_1)
FNDA:0,(anonymous_2)
DA:3,1
DA:13,1
DA:39,0
DA:44,0
DA:46,0
DA:47,0
DA:55,0
DA:57,0
DA:58,0
DA:60,0
DA:61,0
DA:62,0
DA:64,0
DA:65,0
DA:66,0
DA:68,0
DA:69,0
DA:70,0
DA:73,0
DA:77,0
DA:78,0
DA:79,0
DA:80,0
DA:84,1
LF:24
LH:3
BRDA:44,0,0,0
BRDA:44,0,1,0
BRDA:46,1,0,0
BRDA:46,1,1,0
BRDA:58,2,0,0
BRDA:58,2,1,0
BRDA:58,2,2,0
BRDA:61,3,0,0
BRDA:61,3,1,0
BRDA:65,4,0,0
BRDA:65,4,1,0
BRDA:69,5,0,0
BRDA:69,5,1,0
BRDA:78,6,0,0
BRDA:78,6,1,0
BRDA:79,7,0,0
BRDA:79,7,1,0
BRF:17
BRH:0
end_of_record
TN:
SF:src/modules/users/user.controller.ts
FN:6,(anonymous_0)
FN:11,(anonymous_1)
FN:26,(anonymous_2)
FNF:3
FNH:0
FNDA:0,(anonymous_0)
FNDA:0,(anonymous_1)
FNDA:0,(anonymous_2)
DA:6,1
DA:7,0
DA:8,0
DA:11,1
DA:12,0
DA:13,0
DA:15,0
DA:16,0
DA:17,0
DA:19,0
DA:20,0
DA:22,0
DA:26,1
DA:27,0
DA:28,0
DA:29,0
DA:30,0
DA:32,0
DA:33,0
DA:35,0
LF:20
LH:3
BRDA:19,0,0,0
BRDA:19,0,1,0
BRDA:32,1,0,0
BRDA:32,1,1,0
BRF:4
BRH:0
end_of_record
TN:
SF:src/modules/users/user.routes.ts
FNF:0
FNH:0
DA:6,1
DA:8,1
DA:10,1
DA:11,1
DA:12,1
LF:5
LH:5
BRF:0
BRH:0
end_of_record
TN:
SF:src/modules/users/user.service.ts
FN:4,(anonymous_0)
FN:11,(anonymous_1)
FN:19,(anonymous_2)
FNF:3
FNH:0
FNDA:0,(anonymous_0)
FNDA:0,(anonymous_1)
FNDA:0,(anonymous_2)
DA:5,0
DA:12,0
DA:20,0
DA:26,1
LF:4
LH:1
BRF:0
BRH:0
end_of_record
TN:
SF:src/modules/webhooks/webhook.controller.ts
FN:5,(anonymous_0)
FN:30,(anonymous_1)
FNF:2
FNH:0
FNDA:0,(anonymous_0)
FNDA:0,(anonymous_1)
DA:5,1
DA:6,0
DA:7,0
DA:9,0
DA:11,0
DA:13,0
DA:15,0
DA:17,0
DA:18,0
DA:20,0
DA:23,0
DA:25,0
DA:26,0
DA:30,1
DA:31,0
DA:32,0
DA:33,0
DA:35,0
DA:36,0
LF:19
LH:2
BRDA:13,0,0,0
BRDA:13,0,1,0
BRF:2
BRH:0
end_of_record
TN:
SF:src/modules/webhooks/webhook.routes.ts
FNF:0
FNH:0
DA:4,1
DA:7,1
DA:10,1
LF:3
LH:3
BRF:0
BRH:0
end_of_record
TN:
SF:src/repositories/base.repository.ts
FN:24,(anonymous_0)
FN:28,(anonymous_1)
FN:53,(anonymous_2)
FN:65,(anonymous_3)
FN:89,(anonymous_4)
FN:116,(anonymous_5)
FN:152,(anonymous_6)
FNF:7
FNH:1
FNDA:3,(anonymous_0)
FNDA:0,(anonymous_1)
FNDA:0,(anonymous_2)
FNDA:0,(anonymous_3)
FNDA:0,(anonymous_4)
FNDA:0,(anonymous_5)
FNDA:0,(anonymous_6)
DA:24,3
DA:25,3
DA:29,0
DA:31,0
DA:36,0
DA:37,0
DA:39,0
DA:40,0
DA:43,0
DA:54,0
DA:56,0
DA:57,0
DA:59,0
DA:60,0
DA:62,0
DA:66,0
DA:67,0
DA:70,0
DA:77,0
DA:86,0
DA:90,0
DA:94,0
DA:97,0
DA:104,0
DA:113,0
DA:117,0
DA:118,0
DA:119,0
DA:122,0
DA:123,0
DA:127,0
DA:134,0
DA:141,0
DA:149,0
DA:153,0
DA:154,0
DA:159,0
DA:160,0
DA:162,0
DA:163,0
DA:166,0
LF:41
LH:2
BRDA:28,0,0,0
BRDA:29,1,0,0
BRDA:29,2,0,0
BRDA:39,3,0,0
BRDA:39,3,1,0
BRDA:39,4,0,0
BRDA:39,4,1,0
BRDA:47,5,0,0
BRDA:47,5,1,0
BRDA:53,6,0,0
BRDA:59,7,0,0
BRDA:59,7,1,0
BRDA:59,8,0,0
BRDA:59,8,1,0
BRDA:116,9,0,0
BRDA:122,10,0,0
BRDA:122,10,1,0
BRDA:122,11,0,0
BRDA:122,11,1,0
BRDA:152,12,0,0
BRDA:153,13,0,0
BRDA:153,14,0,0
BRDA:160,15,0,0
BRDA:160,15,1,0
BRDA:162,16,0,0
BRDA:162,16,1,0
BRDA:162,17,0,0
BRDA:162,17,1,0
BRF:28
BRH:0
end_of_record
TN:
SF:src/repositories/client.repository.ts
FN:6,(anonymous_0)
FN:10,(anonymous_1)
FN:32,(anonymous_2)
FN:46,(anonymous_3)
FNF:4
FNH:1
FNDA:1,(anonymous_0)
FNDA:0,(anonymous_1)
FNDA:0,(anonymous_2)
FNDA:0,(anonymous_3)
DA:7,1
DA:11,0
DA:13,0
DA:24,0
DA:33,0
DA:43,0
DA:47,0
DA:54,1
LF:8
LH:2
BRDA:11,0,0,0
BRDA:11,1,0,0
BRDA:15,2,0,0
BRDA:15,2,1,0
BRDA:32,3,0,0
BRDA:35,4,0,0
BRDA:35,4,1,0
BRF:7
BRH:0
end_of_record
TN:
SF:src/repositories/opportunity.repository.ts
FN:6,(anonymous_0)
FN:10,(anonymous_1)
FN:37,(anonymous_2)
FNF:3
FNH:1
FNDA:1,(anonymous_0)
FNDA:0,(anonymous_1)
FNDA:0,(anonymous_2)
DA:7,1
DA:11,0
DA:13,0
DA:24,0
DA:38,0
DA:48,0
DA:52,1
LF:7
LH:2
BRDA:11,0,0,0
BRDA:11,1,0,0
BRDA:15,2,0,0
BRDA:15,2,1,0
BRDA:37,3,0,0
BRDA:40,4,0,0
BRDA:40,4,1,0
BRF:7
BRH:0
end_of_record
TN:
SF:src/repositories/task.repository.ts
FN:6,(anonymous_0)
FN:10,(anonymous_1)
FN:35,(anonymous_2)
FNF:3
FNH:1
FNDA:1,(anonymous_0)
FNDA:0,(anonymous_1)
FNDA:0,(anonymous_2)
DA:7,1
DA:11,0
DA:13,0
DA:22,0
DA:36,0
DA:44,0
DA:48,1
LF:7
LH:2
BRDA:11,0,0,0
BRDA:11,1,0,0
BRDA:15,2,0,0
BRDA:15,2,1,0
BRDA:35,3,0,0
BRDA:38,4,0,0
BRDA:38,4,1,0
BRF:7
BRH:0
end_of_record
TN:
SF:src/utils/AppError.ts
FN:7,(anonymous_0)
FNF:1
FNH:1
FNDA:1,(anonymous_0)
DA:8,1
DA:9,1
DA:10,1
DA:11,1
DA:12,1
DA:14,1
LF:6
LH:6
BRDA:10,0,0,1
BRDA:10,0,1,0
BRF:2
BRH:1
end_of_record
TN:
SF:src/utils/asyncHandler.ts
FN:3,(anonymous_0)
FN:4,(anonymous_1)
FNF:2
FNH:2
FNDA:55,(anonymous_0)
FNDA:1,(anonymous_1)
DA:3,1
DA:4,55
DA:5,1
LF:3
LH:3
BRF:0
BRH:0
end_of_record
TN:
SF:src/utils/logger.ts
FNF:0
FNH:0
DA:3,2
LF:1
LH:1
BRDA:4,0,0,2
BRDA:4,0,1,2
BRDA:5,1,0,0
BRDA:5,1,1,2
BRF:4
BRH:3
end_of_record
